{"contracts/rpc-utils/MulticallV2.sol":{"l":{"29":0,"30":0,"31":0,"32":0,"33":0,"34":0,"46":0,"50":0,"54":0,"58":0,"62":0,"66":0,"70":0,"74":0,"78":0,"85":0,"86":0,"87":0,"89":0,"90":0,"93":0,"105":0,"106":0,"107":0,"126":0,"127":0,"128":0,"129":0,"130":0,"131":0,"143":0,"147":0,"151":0,"155":0,"159":0,"163":0,"167":0,"171":0,"175":0,"179":0,"186":0,"187":0,"188":0,"190":0,"191":0,"194":0,"206":0,"207":0,"208":0},"path":"/Users/shreyabhakta/Desktop/permit-contract/arbitrum/packages/arb-bridge-peripherals/contracts/rpc-utils/MulticallV2.sol","s":{"1":0,"2":0,"3":0,"4":0,"5":0,"6":0,"7":0,"8":0,"9":0,"10":0,"11":0,"12":0,"13":0,"14":0,"15":0,"16":0,"17":0,"18":0,"19":0,"20":0,"21":0,"22":0,"23":0,"24":0,"25":0,"26":0,"27":0,"28":0,"29":0,"30":0,"31":0,"32":0,"33":0,"34":0,"35":0,"36":0,"37":0,"38":0,"39":0,"40":0,"41":0,"42":0,"43":0,"44":0,"45":0,"46":0,"47":0,"48":0,"49":0},"b":{"1":[0,0],"2":[0,0],"3":[0,0],"4":[0,0],"5":[0,0],"6":[0,0]},"f":{"1":0,"2":0,"3":0,"4":0,"5":0,"6":0,"7":0,"8":0,"9":0,"10":0,"11":0,"12":0,"13":0,"14":0,"15":0,"16":0,"17":0,"18":0,"19":0,"20":0,"21":0,"22":0,"23":0,"24":0,"25":0},"fnMap":{"1":{"name":"aggregate","line":25,"loc":{"start":{"line":25,"column":4},"end":{"line":36,"column":4}}},"2":{"name":"blockAndAggregate","line":38,"loc":{"start":{"line":38,"column":4},"end":{"line":47,"column":4}}},"3":{"name":"getBlockHash","line":49,"loc":{"start":{"line":49,"column":4},"end":{"line":51,"column":4}}},"4":{"name":"getBlockNumber","line":53,"loc":{"start":{"line":53,"column":4},"end":{"line":55,"column":4}}},"5":{"name":"getCurrentBlockCoinbase","line":57,"loc":{"start":{"line":57,"column":4},"end":{"line":59,"column":4}}},"6":{"name":"getCurrentBlockDifficulty","line":61,"loc":{"start":{"line":61,"column":4},"end":{"line":63,"column":4}}},"7":{"name":"getCurrentBlockGasLimit","line":65,"loc":{"start":{"line":65,"column":4},"end":{"line":67,"column":4}}},"8":{"name":"getCurrentBlockTimestamp","line":69,"loc":{"start":{"line":69,"column":4},"end":{"line":71,"column":4}}},"9":{"name":"getEthBalance","line":73,"loc":{"start":{"line":73,"column":4},"end":{"line":75,"column":4}}},"10":{"name":"getLastBlockHash","line":77,"loc":{"start":{"line":77,"column":4},"end":{"line":79,"column":4}}},"11":{"name":"tryAggregate","line":81,"loc":{"start":{"line":81,"column":4},"end":{"line":95,"column":4}}},"12":{"name":"tryBlockAndAggregate","line":97,"loc":{"start":{"line":97,"column":4},"end":{"line":108,"column":4}}},"13":{"name":"aggregate","line":122,"loc":{"start":{"line":122,"column":4},"end":{"line":133,"column":4}}},"14":{"name":"blockAndAggregate","line":135,"loc":{"start":{"line":135,"column":4},"end":{"line":144,"column":4}}},"15":{"name":"getBlockHash","line":146,"loc":{"start":{"line":146,"column":4},"end":{"line":148,"column":4}}},"16":{"name":"getBlockNumber","line":150,"loc":{"start":{"line":150,"column":4},"end":{"line":152,"column":4}}},"17":{"name":"getL1BlockNumber","line":154,"loc":{"start":{"line":154,"column":4},"end":{"line":156,"column":4}}},"18":{"name":"getCurrentBlockCoinbase","line":158,"loc":{"start":{"line":158,"column":4},"end":{"line":160,"column":4}}},"19":{"name":"getCurrentBlockDifficulty","line":162,"loc":{"start":{"line":162,"column":4},"end":{"line":164,"column":4}}},"20":{"name":"getCurrentBlockGasLimit","line":166,"loc":{"start":{"line":166,"column":4},"end":{"line":168,"column":4}}},"21":{"name":"getCurrentBlockTimestamp","line":170,"loc":{"start":{"line":170,"column":4},"end":{"line":172,"column":4}}},"22":{"name":"getEthBalance","line":174,"loc":{"start":{"line":174,"column":4},"end":{"line":176,"column":4}}},"23":{"name":"getLastBlockHash","line":178,"loc":{"start":{"line":178,"column":4},"end":{"line":180,"column":4}}},"24":{"name":"tryAggregate","line":182,"loc":{"start":{"line":182,"column":4},"end":{"line":196,"column":4}}},"25":{"name":"tryBlockAndAggregate","line":198,"loc":{"start":{"line":198,"column":4},"end":{"line":209,"column":4}}}},"statementMap":{"1":{"start":{"line":29,"column":8},"end":{"line":29,"column":33}},"2":{"start":{"line":30,"column":8},"end":{"line":30,"column":45}},"3":{"start":{"line":31,"column":8},"end":{"line":31,"column":955}},"4":{"start":{"line":32,"column":12},"end":{"line":32,"column":86}},"5":{"start":{"line":33,"column":12},"end":{"line":33,"column":63}},"6":{"start":{"line":34,"column":12},"end":{"line":34,"column":30}},"7":{"start":{"line":46,"column":8},"end":{"line":46,"column":79}},"8":{"start":{"line":50,"column":8},"end":{"line":50,"column":41}},"9":{"start":{"line":54,"column":8},"end":{"line":54,"column":33}},"10":{"start":{"line":58,"column":8},"end":{"line":58,"column":32}},"11":{"start":{"line":62,"column":8},"end":{"line":62,"column":36}},"12":{"start":{"line":66,"column":8},"end":{"line":66,"column":32}},"13":{"start":{"line":70,"column":8},"end":{"line":70,"column":34}},"14":{"start":{"line":74,"column":8},"end":{"line":74,"column":29}},"15":{"start":{"line":78,"column":8},"end":{"line":78,"column":46}},"16":{"start":{"line":85,"column":8},"end":{"line":85,"column":46}},"17":{"start":{"line":86,"column":8},"end":{"line":86,"column":2695}},"18":{"start":{"line":87,"column":12},"end":{"line":87,"column":86}},"19":{"start":{"line":89,"column":12},"end":{"line":89,"column":2845}},"20":{"start":{"line":90,"column":16},"end":{"line":90,"column":68}},"21":{"start":{"line":93,"column":12},"end":{"line":93,"column":47}},"22":{"start":{"line":105,"column":8},"end":{"line":105,"column":33}},"23":{"start":{"line":106,"column":8},"end":{"line":106,"column":42}},"24":{"start":{"line":107,"column":8},"end":{"line":107,"column":55}},"25":{"start":{"line":126,"column":8},"end":{"line":126,"column":58}},"26":{"start":{"line":127,"column":8},"end":{"line":127,"column":45}},"27":{"start":{"line":128,"column":8},"end":{"line":128,"column":3894}},"28":{"start":{"line":129,"column":12},"end":{"line":129,"column":86}},"29":{"start":{"line":130,"column":12},"end":{"line":130,"column":63}},"30":{"start":{"line":131,"column":12},"end":{"line":131,"column":30}},"31":{"start":{"line":143,"column":8},"end":{"line":143,"column":79}},"32":{"start":{"line":147,"column":8},"end":{"line":147,"column":41}},"33":{"start":{"line":151,"column":8},"end":{"line":151,"column":58}},"34":{"start":{"line":155,"column":8},"end":{"line":155,"column":35}},"35":{"start":{"line":159,"column":8},"end":{"line":159,"column":32}},"36":{"start":{"line":163,"column":8},"end":{"line":163,"column":36}},"37":{"start":{"line":167,"column":8},"end":{"line":167,"column":32}},"38":{"start":{"line":171,"column":8},"end":{"line":171,"column":34}},"39":{"start":{"line":175,"column":8},"end":{"line":175,"column":29}},"40":{"start":{"line":179,"column":8},"end":{"line":179,"column":46}},"41":{"start":{"line":186,"column":8},"end":{"line":186,"column":46}},"42":{"start":{"line":187,"column":8},"end":{"line":187,"column":5782}},"43":{"start":{"line":188,"column":12},"end":{"line":188,"column":86}},"44":{"start":{"line":190,"column":12},"end":{"line":190,"column":5932}},"45":{"start":{"line":191,"column":16},"end":{"line":191,"column":68}},"46":{"start":{"line":194,"column":12},"end":{"line":194,"column":47}},"47":{"start":{"line":206,"column":8},"end":{"line":206,"column":58}},"48":{"start":{"line":207,"column":8},"end":{"line":207,"column":42}},"49":{"start":{"line":208,"column":8},"end":{"line":208,"column":55}}},"branchMap":{"1":{"line":33,"type":"if","locations":[{"start":{"line":33,"column":12},"end":{"line":33,"column":12}},{"start":{"line":33,"column":12},"end":{"line":33,"column":12}}]},"2":{"line":89,"type":"if","locations":[{"start":{"line":89,"column":12},"end":{"line":89,"column":12}},{"start":{"line":89,"column":12},"end":{"line":89,"column":12}}]},"3":{"line":90,"type":"if","locations":[{"start":{"line":90,"column":16},"end":{"line":90,"column":16}},{"start":{"line":90,"column":16},"end":{"line":90,"column":16}}]},"4":{"line":130,"type":"if","locations":[{"start":{"line":130,"column":12},"end":{"line":130,"column":12}},{"start":{"line":130,"column":12},"end":{"line":130,"column":12}}]},"5":{"line":190,"type":"if","locations":[{"start":{"line":190,"column":12},"end":{"line":190,"column":12}},{"start":{"line":190,"column":12},"end":{"line":190,"column":12}}]},"6":{"line":191,"type":"if","locations":[{"start":{"line":191,"column":16},"end":{"line":191,"column":16}},{"start":{"line":191,"column":16},"end":{"line":191,"column":16}}]}}},"contracts/rpc-utils/NodeInterface.sol":{"l":{},"path":"/Users/shreyabhakta/Desktop/permit-contract/arbitrum/packages/arb-bridge-peripherals/contracts/rpc-utils/NodeInterface.sol","s":{},"b":{},"f":{},"fnMap":{},"statementMap":{},"branchMap":{}},"contracts/rpc-utils/RetryableTicketCreator.sol":{"l":{},"path":"/Users/shreyabhakta/Desktop/permit-contract/arbitrum/packages/arb-bridge-peripherals/contracts/rpc-utils/RetryableTicketCreator.sol","s":{},"b":{},"f":{},"fnMap":{},"statementMap":{},"branchMap":{}},"contracts/tokenbridge/arbitrum/gateway/L2ArbitrumGateway.sol":{"l":{"57":0,"61":0,"67":0,"68":0,"73":0,"75":0,"87":0,"88":0,"105":0,"114":0,"123":0,"135":0,"159":0,"161":0,"162":0,"163":0,"164":0,"165":0,"167":0,"168":0,"172":0,"174":0,"175":0,"176":0,"177":0,"178":0,"180":0,"181":0,"183":0,"194":0,"196":0,"201":0,"202":0,"213":0,"216":0,"225":0,"246":0,"249":0,"251":0,"254":0,"256":0,"257":0,"265":0,"269":0,"271":0,"275":0,"276":0,"277":0,"282":0,"283":0,"284":0,"288":0,"291":0,"292":0,"296":0,"297":0,"299":0},"path":"/Users/shreyabhakta/Desktop/permit-contract/arbitrum/packages/arb-bridge-peripherals/contracts/tokenbridge/arbitrum/gateway/L2ArbitrumGateway.sol","s":{"1":0,"2":0,"3":0,"4":0,"5":0,"6":0,"7":0,"8":0,"9":0,"10":0,"11":0,"12":0,"13":0,"14":0,"15":0,"16":0,"17":0,"18":0,"19":0,"20":0,"21":0,"22":0,"23":0,"24":0,"25":0,"26":0,"27":0,"28":0,"29":0,"30":0,"31":0,"32":0,"33":0,"34":0,"35":0,"36":0,"37":0,"38":0,"39":0,"40":0,"41":0,"42":0,"43":0,"44":0,"45":0,"46":0,"47":0,"48":0,"49":0,"50":0,"51":0,"52":0,"53":0},"b":{"1":[0,0],"2":[0,0],"3":[0,0],"4":[0,0],"5":[0,0],"6":[0,0],"7":[0,0],"8":[0,0],"9":[0,0],"10":[0,0],"11":[0,0],"12":[0,0],"13":[0,0],"14":[0,0]},"f":{"1":0,"2":0,"3":0,"4":0,"5":0,"6":0,"7":0,"8":0,"9":0,"10":0,"11":0,"12":0},"fnMap":{"1":{"name":"onlyCounterpartGateway","line":56,"loc":{"start":{"line":56,"column":4},"end":{"line":62,"column":4}}},"2":{"name":"postUpgradeInit","line":64,"loc":{"start":{"line":64,"column":4},"end":{"line":70,"column":4}}},"3":{"name":"_initialize","line":72,"loc":{"start":{"line":72,"column":4},"end":{"line":76,"column":4}}},"4":{"name":"createOutboundTx","line":78,"loc":{"start":{"line":78,"column":4},"end":{"line":96,"column":4}}},"5":{"name":"getOutboundCalldata","line":98,"loc":{"start":{"line":98,"column":4},"end":{"line":115,"column":4}}},"6":{"name":"outboundTransfer","line":117,"loc":{"start":{"line":117,"column":4},"end":{"line":124,"column":4}}},"7":{"name":"outboundTransferCustomRefund","line":126,"loc":{"start":{"line":126,"column":4},"end":{"line":136,"column":4}}},"8":{"name":"outboundTransfer","line":145,"loc":{"start":{"line":145,"column":4},"end":{"line":184,"column":4}}},"9":{"name":"triggerWithdrawal","line":186,"loc":{"start":{"line":186,"column":4},"end":{"line":203,"column":4}}},"10":{"name":"outboundEscrowTransfer","line":205,"loc":{"start":{"line":205,"column":4},"end":{"line":217,"column":4}}},"11":{"name":"inboundEscrowTransfer","line":219,"loc":{"start":{"line":219,"column":4},"end":{"line":226,"column":4}}},"12":{"name":"finalizeInboundTransfer","line":245,"loc":{"start":{"line":239,"column":4},"end":{"line":300,"column":4}}}},"statementMap":{"1":{"start":{"line":57,"column":8},"end":{"line":57,"column":1726}},"2":{"start":{"line":67,"column":8},"end":{"line":67,"column":54}},"3":{"start":{"line":68,"column":8},"end":{"line":68,"column":58}},"4":{"start":{"line":73,"column":8},"end":{"line":73,"column":56}},"5":{"start":{"line":75,"column":8},"end":{"line":75,"column":51}},"6":{"start":{"line":88,"column":8},"end":{"line":88,"column":3024}},"7":{"start":{"line":105,"column":8},"end":{"line":105,"column":3476}},"8":{"start":{"line":114,"column":8},"end":{"line":114,"column":31}},"9":{"start":{"line":123,"column":8},"end":{"line":123,"column":68}},"10":{"start":{"line":135,"column":8},"end":{"line":135,"column":68}},"11":{"start":{"line":159,"column":8},"end":{"line":159,"column":42}},"12":{"start":{"line":161,"column":8},"end":{"line":161,"column":21}},"13":{"start":{"line":162,"column":8},"end":{"line":162,"column":31}},"14":{"start":{"line":164,"column":12},"end":{"line":164,"column":5455}},"15":{"start":{"line":165,"column":16},"end":{"line":165,"column":90}},"16":{"start":{"line":167,"column":16},"end":{"line":167,"column":33}},"17":{"start":{"line":168,"column":16},"end":{"line":168,"column":33}},"18":{"start":{"line":172,"column":8},"end":{"line":172,"column":61}},"19":{"start":{"line":174,"column":8},"end":{"line":174,"column":18}},"20":{"start":{"line":176,"column":12},"end":{"line":176,"column":63}},"21":{"start":{"line":177,"column":12},"end":{"line":177,"column":62}},"22":{"start":{"line":178,"column":12},"end":{"line":178,"column":87}},"23":{"start":{"line":180,"column":12},"end":{"line":180,"column":68}},"24":{"start":{"line":181,"column":12},"end":{"line":181,"column":76}},"25":{"start":{"line":183,"column":8},"end":{"line":183,"column":29}},"26":{"start":{"line":194,"column":8},"end":{"line":194,"column":37}},"27":{"start":{"line":196,"column":8},"end":{"line":196,"column":6633}},"28":{"start":{"line":201,"column":8},"end":{"line":201,"column":80}},"29":{"start":{"line":202,"column":8},"end":{"line":202,"column":17}},"30":{"start":{"line":213,"column":8},"end":{"line":213,"column":53}},"31":{"start":{"line":216,"column":8},"end":{"line":216,"column":22}},"32":{"start":{"line":225,"column":8},"end":{"line":225,"column":55}},"33":{"start":{"line":246,"column":8},"end":{"line":246,"column":8850}},"34":{"start":{"line":249,"column":8},"end":{"line":249,"column":8947}},"35":{"start":{"line":251,"column":12},"end":{"line":251,"column":35}},"36":{"start":{"line":254,"column":8},"end":{"line":254,"column":65}},"37":{"start":{"line":256,"column":8},"end":{"line":256,"column":9190}},"38":{"start":{"line":257,"column":12},"end":{"line":257,"column":9244}},"39":{"start":{"line":265,"column":12},"end":{"line":265,"column":34}},"40":{"start":{"line":265,"column":28},"end":{"line":265,"column":34}},"41":{"start":{"line":271,"column":12},"end":{"line":271,"column":9662}},"42":{"start":{"line":275,"column":12},"end":{"line":275,"column":31}},"43":{"start":{"line":276,"column":12},"end":{"line":276,"column":9865}},"44":{"start":{"line":277,"column":16},"end":{"line":277,"column":36}},"45":{"start":{"line":282,"column":16},"end":{"line":282,"column":82}},"46":{"start":{"line":283,"column":16},"end":{"line":283,"column":10331}},"47":{"start":{"line":284,"column":20},"end":{"line":284,"column":40}},"48":{"start":{"line":288,"column":12},"end":{"line":288,"column":10450}},"49":{"start":{"line":291,"column":16},"end":{"line":291,"column":75}},"50":{"start":{"line":292,"column":16},"end":{"line":292,"column":22}},"51":{"start":{"line":296,"column":8},"end":{"line":296,"column":59}},"52":{"start":{"line":297,"column":8},"end":{"line":297,"column":58}},"53":{"start":{"line":299,"column":8},"end":{"line":299,"column":14}}},"branchMap":{"1":{"line":57,"type":"if","locations":[{"start":{"line":57,"column":8},"end":{"line":57,"column":8}},{"start":{"line":57,"column":8},"end":{"line":57,"column":8}}]},"2":{"line":68,"type":"if","locations":[{"start":{"line":68,"column":8},"end":{"line":68,"column":8}},{"start":{"line":68,"column":8},"end":{"line":68,"column":8}}]},"3":{"line":75,"type":"if","locations":[{"start":{"line":75,"column":8},"end":{"line":75,"column":8}},{"start":{"line":75,"column":8},"end":{"line":75,"column":8}}]},"4":{"line":159,"type":"if","locations":[{"start":{"line":159,"column":8},"end":{"line":159,"column":8}},{"start":{"line":159,"column":8},"end":{"line":159,"column":8}}]},"5":{"line":164,"type":"if","locations":[{"start":{"line":164,"column":12},"end":{"line":164,"column":12}},{"start":{"line":164,"column":12},"end":{"line":164,"column":12}}]},"6":{"line":172,"type":"if","locations":[{"start":{"line":172,"column":8},"end":{"line":172,"column":8}},{"start":{"line":172,"column":8},"end":{"line":172,"column":8}}]},"7":{"line":177,"type":"if","locations":[{"start":{"line":177,"column":12},"end":{"line":177,"column":12}},{"start":{"line":177,"column":12},"end":{"line":177,"column":12}}]},"8":{"line":178,"type":"if","locations":[{"start":{"line":178,"column":12},"end":{"line":178,"column":12}},{"start":{"line":178,"column":12},"end":{"line":178,"column":12}}]},"9":{"line":249,"type":"if","locations":[{"start":{"line":249,"column":8},"end":{"line":249,"column":8}},{"start":{"line":249,"column":8},"end":{"line":249,"column":8}}]},"10":{"line":256,"type":"if","locations":[{"start":{"line":256,"column":8},"end":{"line":256,"column":8}},{"start":{"line":256,"column":8},"end":{"line":256,"column":8}}]},"11":{"line":265,"type":"if","locations":[{"start":{"line":265,"column":12},"end":{"line":265,"column":12}},{"start":{"line":265,"column":12},"end":{"line":265,"column":12}}]},"12":{"line":276,"type":"if","locations":[{"start":{"line":276,"column":12},"end":{"line":276,"column":12}},{"start":{"line":276,"column":12},"end":{"line":276,"column":12}}]},"13":{"line":283,"type":"if","locations":[{"start":{"line":283,"column":16},"end":{"line":283,"column":16}},{"start":{"line":283,"column":16},"end":{"line":283,"column":16}}]},"14":{"line":288,"type":"if","locations":[{"start":{"line":288,"column":12},"end":{"line":288,"column":12}},{"start":{"line":288,"column":12},"end":{"line":288,"column":12}}]}}},"contracts/tokenbridge/arbitrum/gateway/L2CustomGateway.sol":{"l":{"32":0,"50":0,"51":0,"59":0,"66":0,"68":0,"69":0,"80":0,"88":0,"91":0,"92":0},"path":"/Users/shreyabhakta/Desktop/permit-contract/arbitrum/packages/arb-bridge-peripherals/contracts/tokenbridge/arbitrum/gateway/L2CustomGateway.sol","s":{"1":0,"2":0,"3":0,"4":0,"5":0,"6":0,"7":0,"8":0,"9":0,"10":0,"11":0},"b":{},"f":{"1":0,"2":0,"3":0,"4":0,"5":0},"fnMap":{"1":{"name":"initialize","line":31,"loc":{"start":{"line":31,"column":4},"end":{"line":33,"column":4}}},"2":{"name":"handleNoContract","line":38,"loc":{"start":{"line":38,"column":4},"end":{"line":52,"column":4}}},"3":{"name":"outboundEscrowTransfer","line":54,"loc":{"start":{"line":54,"column":4},"end":{"line":70,"column":4}}},"4":{"name":"calculateL2TokenAddress","line":79,"loc":{"start":{"line":79,"column":4},"end":{"line":81,"column":4}}},"5":{"name":"registerTokenFromL1","line":85,"loc":{"start":{"line":83,"column":4},"end":{"line":94,"column":4}}}},"statementMap":{"1":{"start":{"line":32,"column":8},"end":{"line":32,"column":61}},"2":{"start":{"line":50,"column":8},"end":{"line":50,"column":69}},"3":{"start":{"line":51,"column":8},"end":{"line":51,"column":19}},"4":{"start":{"line":59,"column":8},"end":{"line":59,"column":63}},"5":{"start":{"line":66,"column":8},"end":{"line":66,"column":61}},"6":{"start":{"line":68,"column":8},"end":{"line":68,"column":63}},"7":{"start":{"line":69,"column":8},"end":{"line":69,"column":53}},"8":{"start":{"line":80,"column":8},"end":{"line":80,"column":35}},"9":{"start":{"line":88,"column":8},"end":{"line":88,"column":3512}},"10":{"start":{"line":91,"column":12},"end":{"line":91,"column":51}},"11":{"start":{"line":92,"column":12},"end":{"line":92,"column":53}}},"branchMap":{}},"contracts/tokenbridge/arbitrum/gateway/L2ERC20Gateway.sol":{"l":{"35":0,"36":0,"37":0,"55":0,"63":0,"67":0,"86":0,"87":0,"89":0,"91":0,"92":0,"97":0,"98":0},"path":"/Users/shreyabhakta/Desktop/permit-contract/arbitrum/packages/arb-bridge-peripherals/contracts/tokenbridge/arbitrum/gateway/L2ERC20Gateway.sol","s":{"1":0,"2":0,"3":0,"4":0,"5":0,"6":0,"7":0,"8":0,"9":0,"10":0,"11":0,"12":0,"13":0},"b":{"1":[0,0],"2":[0,0]},"f":{"1":0,"2":0,"3":0,"4":0,"5":0},"fnMap":{"1":{"name":"initialize","line":30,"loc":{"start":{"line":30,"column":4},"end":{"line":38,"column":4}}},"2":{"name":"calculateL2TokenAddress","line":47,"loc":{"start":{"line":47,"column":4},"end":{"line":60,"column":4}}},"3":{"name":"cloneableProxyHash","line":62,"loc":{"start":{"line":62,"column":4},"end":{"line":64,"column":4}}},"4":{"name":"getUserSalt","line":66,"loc":{"start":{"line":66,"column":4},"end":{"line":68,"column":4}}},"5":{"name":"handleNoContract","line":78,"loc":{"start":{"line":78,"column":4},"end":{"line":100,"column":4}}}},"statementMap":{"1":{"start":{"line":35,"column":8},"end":{"line":35,"column":61}},"2":{"start":{"line":36,"column":8},"end":{"line":36,"column":67}},"3":{"start":{"line":37,"column":8},"end":{"line":37,"column":47}},"4":{"start":{"line":55,"column":8},"end":{"line":55,"column":1927}},"5":{"start":{"line":63,"column":8},"end":{"line":63,"column":74}},"6":{"start":{"line":67,"column":8},"end":{"line":67,"column":45}},"7":{"start":{"line":86,"column":8},"end":{"line":86,"column":47}},"8":{"start":{"line":87,"column":8},"end":{"line":87,"column":94}},"9":{"start":{"line":89,"column":8},"end":{"line":89,"column":72}},"10":{"start":{"line":91,"column":8},"end":{"line":91,"column":3276}},"11":{"start":{"line":92,"column":12},"end":{"line":92,"column":24}},"12":{"start":{"line":97,"column":12},"end":{"line":97,"column":72}},"13":{"start":{"line":98,"column":12},"end":{"line":98,"column":23}}},"branchMap":{"1":{"line":36,"type":"if","locations":[{"start":{"line":36,"column":8},"end":{"line":36,"column":8}},{"start":{"line":36,"column":8},"end":{"line":36,"column":8}}]},"2":{"line":91,"type":"if","locations":[{"start":{"line":91,"column":8},"end":{"line":91,"column":8}},{"start":{"line":91,"column":8},"end":{"line":91,"column":8}}]}}},"contracts/tokenbridge/arbitrum/gateway/L2GatewayRouter.sol":{"l":{"33":0,"38":0,"42":0,"50":0,"52":0,"53":0,"54":0,"64":0,"68":0,"69":0},"path":"/Users/shreyabhakta/Desktop/permit-contract/arbitrum/packages/arb-bridge-peripherals/contracts/tokenbridge/arbitrum/gateway/L2GatewayRouter.sol","s":{"1":0,"2":0,"3":0,"4":0,"5":0,"6":0,"7":0,"8":0,"9":0},"b":{"1":[0,0]},"f":{"1":0,"2":0,"3":0,"4":0,"5":0},"fnMap":{"1":{"name":"onlyCounterpartGateway","line":32,"loc":{"start":{"line":32,"column":4},"end":{"line":39,"column":4}}},"2":{"name":"initialize","line":41,"loc":{"start":{"line":41,"column":4},"end":{"line":43,"column":4}}},"3":{"name":"setGateway","line":47,"loc":{"start":{"line":45,"column":4},"end":{"line":56,"column":4}}},"4":{"name":"outboundTransfer","line":58,"loc":{"start":{"line":58,"column":4},"end":{"line":65,"column":4}}},"5":{"name":"setDefaultGateway","line":67,"loc":{"start":{"line":67,"column":4},"end":{"line":70,"column":4}}}},"statementMap":{"1":{"start":{"line":33,"column":8},"end":{"line":33,"column":1285}},"2":{"start":{"line":42,"column":8},"end":{"line":42,"column":82}},"3":{"start":{"line":50,"column":8},"end":{"line":50,"column":49}},"4":{"start":{"line":52,"column":8},"end":{"line":52,"column":1944}},"5":{"start":{"line":53,"column":12},"end":{"line":53,"column":54}},"6":{"start":{"line":54,"column":12},"end":{"line":54,"column":53}},"7":{"start":{"line":64,"column":8},"end":{"line":64,"column":68}},"8":{"start":{"line":68,"column":8},"end":{"line":68,"column":43}},"9":{"start":{"line":69,"column":8},"end":{"line":69,"column":55}}},"branchMap":{"1":{"line":33,"type":"if","locations":[{"start":{"line":33,"column":8},"end":{"line":33,"column":8}},{"start":{"line":33,"column":8},"end":{"line":33,"column":8}}]}}},"contracts/tokenbridge/arbitrum/gateway/L2WethGateway.sol":{"l":{"39":0,"40":0,"41":0,"42":0,"43":0,"62":0,"63":0,"74":0,"76":0,"78":0,"86":0,"87":0,"95":0},"path":"/Users/shreyabhakta/Desktop/permit-contract/arbitrum/packages/arb-bridge-peripherals/contracts/tokenbridge/arbitrum/gateway/L2WethGateway.sol","s":{"1":0,"2":0,"3":0,"4":0,"5":0,"6":0,"7":0,"8":0,"9":0,"10":0,"11":0,"12":0,"13":0},"b":{"1":[0,0],"2":[0,0],"3":[0,0]},"f":{"1":0,"2":0,"3":0,"4":0,"5":0},"fnMap":{"1":{"name":"initialize","line":33,"loc":{"start":{"line":33,"column":4},"end":{"line":44,"column":4}}},"2":{"name":"handleNoContract","line":50,"loc":{"start":{"line":50,"column":4},"end":{"line":64,"column":4}}},"3":{"name":"calculateL2TokenAddress","line":73,"loc":{"start":{"line":73,"column":4},"end":{"line":79,"column":4}}},"4":{"name":"inboundEscrowTransfer","line":81,"loc":{"start":{"line":81,"column":4},"end":{"line":88,"column":4}}},"5":{"name":"createOutboundTx","line":90,"loc":{"start":{"line":90,"column":4},"end":{"line":103,"column":4}}}},"statementMap":{"1":{"start":{"line":39,"column":8},"end":{"line":39,"column":61}},"2":{"start":{"line":40,"column":8},"end":{"line":40,"column":55}},"3":{"start":{"line":41,"column":8},"end":{"line":41,"column":55}},"4":{"start":{"line":42,"column":8},"end":{"line":42,"column":23}},"5":{"start":{"line":43,"column":8},"end":{"line":43,"column":23}},"6":{"start":{"line":62,"column":8},"end":{"line":62,"column":68}},"7":{"start":{"line":63,"column":8},"end":{"line":63,"column":19}},"8":{"start":{"line":74,"column":8},"end":{"line":74,"column":2717}},"9":{"start":{"line":76,"column":12},"end":{"line":76,"column":29}},"10":{"start":{"line":78,"column":8},"end":{"line":78,"column":21}},"11":{"start":{"line":86,"column":8},"end":{"line":86,"column":58}},"12":{"start":{"line":87,"column":8},"end":{"line":87,"column":59}},"13":{"start":{"line":95,"column":8},"end":{"line":95,"column":3304}}},"branchMap":{"1":{"line":40,"type":"if","locations":[{"start":{"line":40,"column":8},"end":{"line":40,"column":8}},{"start":{"line":40,"column":8},"end":{"line":40,"column":8}}]},"2":{"line":41,"type":"if","locations":[{"start":{"line":41,"column":8},"end":{"line":41,"column":8}},{"start":{"line":41,"column":8},"end":{"line":41,"column":8}}]},"3":{"line":74,"type":"if","locations":[{"start":{"line":74,"column":8},"end":{"line":74,"column":8}},{"start":{"line":74,"column":8},"end":{"line":74,"column":8}}]}}},"contracts/tokenbridge/arbitrum/IArbToken.sol":{"l":{},"path":"/Users/shreyabhakta/Desktop/permit-contract/arbitrum/packages/arb-bridge-peripherals/contracts/tokenbridge/arbitrum/IArbToken.sol","s":{},"b":{},"f":{},"fnMap":{},"statementMap":{},"branchMap":{}},"contracts/tokenbridge/arbitrum/L2ArbitrumMessenger.sol":{"l":{"36":0,"37":0,"38":0},"path":"/Users/shreyabhakta/Desktop/permit-contract/arbitrum/packages/arb-bridge-peripherals/contracts/tokenbridge/arbitrum/L2ArbitrumMessenger.sol","s":{"1":0,"2":0,"3":0},"b":{},"f":{"1":0},"fnMap":{"1":{"name":"sendTxToL1","line":30,"loc":{"start":{"line":30,"column":4},"end":{"line":39,"column":4}}}},"statementMap":{"1":{"start":{"line":36,"column":8},"end":{"line":36,"column":91}},"2":{"start":{"line":37,"column":8},"end":{"line":37,"column":43}},"3":{"start":{"line":38,"column":8},"end":{"line":38,"column":18}}},"branchMap":{}},"contracts/tokenbridge/arbitrum/StandardArbERC20.sol":{"l":{"44":0,"59":0,"60":0,"61":0,"63":0,"74":0,"83":0,"84":0,"89":0,"90":0,"95":0,"96":0},"path":"/Users/shreyabhakta/Desktop/permit-contract/arbitrum/packages/arb-bridge-peripherals/contracts/tokenbridge/arbitrum/StandardArbERC20.sol","s":{"1":0,"2":0,"3":0,"4":0,"5":0,"6":0,"7":0,"8":0,"9":0,"10":0,"11":0,"12":0,"13":0,"14":0,"15":0},"b":{"1":[0,0],"2":[0,0],"3":[0,0]},"f":{"1":0,"2":0,"3":0,"4":0},"fnMap":{"1":{"name":"bridgeInit","line":43,"loc":{"start":{"line":43,"column":4},"end":{"line":79,"column":4}}},"2":{"name":"decimals","line":81,"loc":{"start":{"line":81,"column":4},"end":{"line":85,"column":4}}},"3":{"name":"name","line":87,"loc":{"start":{"line":87,"column":4},"end":{"line":91,"column":4}}},"4":{"name":"symbol","line":93,"loc":{"start":{"line":93,"column":4},"end":{"line":97,"column":4}}}},"statementMap":{"1":{"start":{"line":44,"column":8},"end":{"line":44,"column":1568}},"2":{"start":{"line":59,"column":8},"end":{"line":59,"column":87}},"3":{"start":{"line":60,"column":8},"end":{"line":60,"column":93}},"4":{"start":{"line":61,"column":8},"end":{"line":61,"column":89}},"5":{"start":{"line":63,"column":8},"end":{"line":63,"column":2548}},"6":{"start":{"line":74,"column":8},"end":{"line":74,"column":3085}},"7":{"start":{"line":83,"column":8},"end":{"line":83,"column":53}},"8":{"start":{"line":83,"column":45},"end":{"line":83,"column":52}},"9":{"start":{"line":84,"column":8},"end":{"line":84,"column":31}},"10":{"start":{"line":89,"column":8},"end":{"line":89,"column":49}},"11":{"start":{"line":89,"column":41},"end":{"line":89,"column":48}},"12":{"start":{"line":90,"column":8},"end":{"line":90,"column":27}},"13":{"start":{"line":95,"column":8},"end":{"line":95,"column":51}},"14":{"start":{"line":95,"column":43},"end":{"line":95,"column":50}},"15":{"start":{"line":96,"column":8},"end":{"line":96,"column":29}}},"branchMap":{"1":{"line":83,"type":"if","locations":[{"start":{"line":83,"column":8},"end":{"line":83,"column":8}},{"start":{"line":83,"column":8},"end":{"line":83,"column":8}}]},"2":{"line":89,"type":"if","locations":[{"start":{"line":89,"column":8},"end":{"line":89,"column":8}},{"start":{"line":89,"column":8},"end":{"line":89,"column":8}}]},"3":{"line":95,"type":"if","locations":[{"start":{"line":95,"column":8},"end":{"line":95,"column":8}},{"start":{"line":95,"column":8},"end":{"line":95,"column":8}}]}}},"contracts/tokenbridge/ethereum/gateway/L1ArbitrumExtendedGateway.sol":{"l":{"71":0,"74":0,"76":0,"78":0,"80":0,"81":0,"82":0,"87":0,"90":0,"107":1,"108":1,"113":1,"114":0,"116":1,"126":0,"127":0,"136":1},"path":"/Users/shreyabhakta/Desktop/permit-contract/arbitrum/packages/arb-bridge-peripherals/contracts/tokenbridge/ethereum/gateway/L1ArbitrumExtendedGateway.sol","s":{"1":0,"2":0,"3":0,"4":0,"5":0,"6":0,"7":0,"8":0,"9":0,"10":1,"11":1,"12":1,"13":0,"14":1,"15":0,"16":0,"17":1},"b":{"1":[0,0],"2":[0,0],"3":[0,0],"4":[0,0],"5":[0,0],"6":[0,1]},"f":{"1":0,"2":1,"3":0,"4":1},"fnMap":{"1":{"name":"transferExitAndCall","line":62,"loc":{"start":{"line":62,"column":4},"end":{"line":98,"column":4}}},"2":{"name":"getExternalCall","line":101,"loc":{"start":{"line":101,"column":4},"end":{"line":118,"column":4}}},"3":{"name":"setRedirectedExit","line":120,"loc":{"start":{"line":120,"column":4},"end":{"line":128,"column":4}}},"4":{"name":"encodeWithdrawal","line":130,"loc":{"start":{"line":130,"column":4},"end":{"line":137,"column":4}}}},"statementMap":{"1":{"start":{"line":71,"column":8},"end":{"line":71,"column":87}},"2":{"start":{"line":74,"column":8},"end":{"line":74,"column":67}},"3":{"start":{"line":76,"column":8},"end":{"line":76,"column":55}},"4":{"start":{"line":78,"column":8},"end":{"line":78,"column":82}},"5":{"start":{"line":80,"column":8},"end":{"line":80,"column":2992}},"6":{"start":{"line":81,"column":12},"end":{"line":81,"column":67}},"7":{"start":{"line":82,"column":12},"end":{"line":82,"column":3103}},"8":{"start":{"line":87,"column":12},"end":{"line":87,"column":49}},"9":{"start":{"line":90,"column":8},"end":{"line":90,"column":3336}},"10":{"start":{"line":107,"column":8},"end":{"line":107,"column":78}},"11":{"start":{"line":108,"column":8},"end":{"line":108,"column":61}},"12":{"start":{"line":113,"column":8},"end":{"line":113,"column":4375}},"13":{"start":{"line":114,"column":12},"end":{"line":114,"column":47}},"14":{"start":{"line":116,"column":12},"end":{"line":116,"column":54}},"15":{"start":{"line":126,"column":8},"end":{"line":126,"column":78}},"16":{"start":{"line":127,"column":8},"end":{"line":127,"column":80}},"17":{"start":{"line":136,"column":8},"end":{"line":136,"column":67}}},"branchMap":{"1":{"line":74,"type":"if","locations":[{"start":{"line":74,"column":8},"end":{"line":74,"column":8}},{"start":{"line":74,"column":8},"end":{"line":74,"column":8}}]},"2":{"line":76,"type":"if","locations":[{"start":{"line":76,"column":8},"end":{"line":76,"column":8}},{"start":{"line":76,"column":8},"end":{"line":76,"column":8}}]},"3":{"line":80,"type":"if","locations":[{"start":{"line":80,"column":8},"end":{"line":80,"column":8}},{"start":{"line":80,"column":8},"end":{"line":80,"column":8}}]},"4":{"line":81,"type":"if","locations":[{"start":{"line":81,"column":12},"end":{"line":81,"column":12}},{"start":{"line":81,"column":12},"end":{"line":81,"column":12}}]},"5":{"line":87,"type":"if","locations":[{"start":{"line":87,"column":12},"end":{"line":87,"column":12}},{"start":{"line":87,"column":12},"end":{"line":87,"column":12}}]},"6":{"line":113,"type":"if","locations":[{"start":{"line":113,"column":8},"end":{"line":113,"column":8}},{"start":{"line":113,"column":8},"end":{"line":113,"column":8}}]}}},"contracts/tokenbridge/ethereum/gateway/L1ArbitrumGateway.sol":{"l":{"62":3,"65":3,"66":3,"69":1,"70":1,"71":1,"77":0,"78":0,"87":14,"89":14,"90":14,"91":14,"110":1,"114":1,"116":0,"120":1,"121":1,"123":1,"133":0,"134":0,"143":1,"163":9,"191":0,"214":9,"245":14,"248":14,"249":14,"250":14,"251":14,"252":14,"253":14,"255":14,"257":0,"258":0,"261":14,"263":14,"265":12,"266":12,"267":12,"269":12,"272":12,"274":12,"284":12,"285":12,"295":9,"296":9,"297":9,"298":9,"312":3,"314":3,"323":3,"329":6},"path":"/Users/shreyabhakta/Desktop/permit-contract/arbitrum/packages/arb-bridge-peripherals/contracts/tokenbridge/ethereum/gateway/L1ArbitrumGateway.sol","s":{"1":3,"2":3,"3":3,"4":1,"5":1,"6":0,"7":0,"8":14,"9":14,"10":14,"11":14,"12":1,"13":1,"14":0,"15":1,"16":1,"17":1,"18":0,"19":0,"20":1,"21":9,"22":0,"23":9,"24":14,"25":14,"26":14,"27":14,"28":14,"29":14,"30":14,"31":0,"32":0,"33":14,"34":14,"35":12,"36":12,"37":12,"38":12,"39":12,"40":12,"41":12,"42":12,"43":9,"44":9,"45":9,"46":9,"47":3,"48":3,"49":3,"50":6},"b":{"1":[1,2],"2":[1,0],"3":[0,0],"4":[14,0],"5":[14,0],"6":[0,1],"7":[14,0],"8":[14,0],"9":[12,2],"10":[12,0],"11":[12,0]},"f":{"1":3,"2":0,"3":14,"4":1,"5":0,"6":1,"7":9,"8":0,"9":9,"10":14,"11":9,"12":3,"13":6},"fnMap":{"1":{"name":"onlyCounterpartGateway","line":61,"loc":{"start":{"line":61,"column":4},"end":{"line":72,"column":4}}},"2":{"name":"postUpgradeInit","line":74,"loc":{"start":{"line":74,"column":4},"end":{"line":80,"column":4}}},"3":{"name":"_initialize","line":82,"loc":{"start":{"line":82,"column":4},"end":{"line":92,"column":4}}},"4":{"name":"finalizeInboundTransfer","line":108,"loc":{"start":{"line":102,"column":4},"end":{"line":124,"column":4}}},"5":{"name":"getExternalCall","line":126,"loc":{"start":{"line":126,"column":4},"end":{"line":135,"column":4}}},"6":{"name":"inboundEscrowTransfer","line":137,"loc":{"start":{"line":137,"column":4},"end":{"line":144,"column":4}}},"7":{"name":"createOutboundTxCustomRefund","line":149,"loc":{"start":{"line":149,"column":4},"end":{"line":178,"column":4}}},"8":{"name":"createOutboundTx","line":183,"loc":{"start":{"line":183,"column":4},"end":{"line":201,"column":4}}},"9":{"name":"outboundTransfer","line":206,"loc":{"start":{"line":206,"column":4},"end":{"line":216,"column":4}}},"10":{"name":"outboundTransferCustomRefund","line":236,"loc":{"start":{"line":236,"column":4},"end":{"line":286,"column":4}}},"11":{"name":"outboundEscrowTransfer","line":288,"loc":{"start":{"line":288,"column":4},"end":{"line":299,"column":4}}},"12":{"name":"getOutboundCalldata","line":301,"loc":{"start":{"line":301,"column":4},"end":{"line":324,"column":4}}},"13":{"name":"supportsInterface","line":326,"loc":{"start":{"line":326,"column":4},"end":{"line":332,"column":4}}}},"statementMap":{"1":{"start":{"line":62,"column":8},"end":{"line":62,"column":30}},"2":{"start":{"line":65,"column":8},"end":{"line":65,"column":57}},"3":{"start":{"line":66,"column":8},"end":{"line":66,"column":55}},"4":{"start":{"line":69,"column":8},"end":{"line":69,"column":60}},"5":{"start":{"line":70,"column":8},"end":{"line":70,"column":78}},"6":{"start":{"line":77,"column":8},"end":{"line":77,"column":54}},"7":{"start":{"line":78,"column":8},"end":{"line":78,"column":58}},"8":{"start":{"line":87,"column":8},"end":{"line":87,"column":56}},"9":{"start":{"line":89,"column":8},"end":{"line":89,"column":51}},"10":{"start":{"line":90,"column":8},"end":{"line":90,"column":49}},"11":{"start":{"line":91,"column":8},"end":{"line":91,"column":21}},"12":{"start":{"line":110,"column":8},"end":{"line":110,"column":4060}},"13":{"start":{"line":114,"column":8},"end":{"line":114,"column":4187}},"14":{"start":{"line":116,"column":12},"end":{"line":116,"column":35}},"15":{"start":{"line":120,"column":8},"end":{"line":120,"column":60}},"16":{"start":{"line":121,"column":8},"end":{"line":121,"column":50}},"17":{"start":{"line":123,"column":8},"end":{"line":123,"column":70}},"18":{"start":{"line":133,"column":8},"end":{"line":133,"column":35}},"19":{"start":{"line":134,"column":8},"end":{"line":134,"column":26}},"20":{"start":{"line":143,"column":8},"end":{"line":143,"column":52}},"21":{"start":{"line":163,"column":8},"end":{"line":163,"column":6104}},"22":{"start":{"line":191,"column":8},"end":{"line":191,"column":6974}},"23":{"start":{"line":214,"column":8},"end":{"line":214,"column":7675}},"24":{"start":{"line":245,"column":8},"end":{"line":245,"column":55}},"25":{"start":{"line":248,"column":8},"end":{"line":248,"column":21}},"26":{"start":{"line":249,"column":8},"end":{"line":249,"column":22}},"27":{"start":{"line":250,"column":8},"end":{"line":250,"column":30}},"28":{"start":{"line":252,"column":12},"end":{"line":252,"column":38}},"29":{"start":{"line":253,"column":12},"end":{"line":253,"column":9695}},"30":{"start":{"line":255,"column":16},"end":{"line":255,"column":89}},"31":{"start":{"line":257,"column":16},"end":{"line":257,"column":33}},"32":{"start":{"line":258,"column":16},"end":{"line":258,"column":32}},"33":{"start":{"line":261,"column":12},"end":{"line":261,"column":84}},"34":{"start":{"line":263,"column":12},"end":{"line":263,"column":64}},"35":{"start":{"line":265,"column":12},"end":{"line":265,"column":60}},"36":{"start":{"line":266,"column":12},"end":{"line":266,"column":63}},"37":{"start":{"line":267,"column":12},"end":{"line":267,"column":60}},"38":{"start":{"line":269,"column":12},"end":{"line":269,"column":69}},"39":{"start":{"line":272,"column":12},"end":{"line":272,"column":78}},"40":{"start":{"line":274,"column":12},"end":{"line":274,"column":10660}},"41":{"start":{"line":284,"column":8},"end":{"line":284,"column":68}},"42":{"start":{"line":285,"column":8},"end":{"line":285,"column":33}},"43":{"start":{"line":295,"column":8},"end":{"line":295,"column":71}},"44":{"start":{"line":296,"column":8},"end":{"line":296,"column":71}},"45":{"start":{"line":297,"column":8},"end":{"line":297,"column":71}},"46":{"start":{"line":298,"column":8},"end":{"line":298,"column":53}},"47":{"start":{"line":312,"column":8},"end":{"line":312,"column":36}},"48":{"start":{"line":314,"column":8},"end":{"line":314,"column":12215}},"49":{"start":{"line":323,"column":8},"end":{"line":323,"column":31}},"50":{"start":{"line":329,"column":8},"end":{"line":329,"column":12842}}},"branchMap":{"1":{"line":66,"type":"if","locations":[{"start":{"line":66,"column":8},"end":{"line":66,"column":8}},{"start":{"line":66,"column":8},"end":{"line":66,"column":8}}]},"2":{"line":70,"type":"if","locations":[{"start":{"line":70,"column":8},"end":{"line":70,"column":8}},{"start":{"line":70,"column":8},"end":{"line":70,"column":8}}]},"3":{"line":78,"type":"if","locations":[{"start":{"line":78,"column":8},"end":{"line":78,"column":8}},{"start":{"line":78,"column":8},"end":{"line":78,"column":8}}]},"4":{"line":89,"type":"if","locations":[{"start":{"line":89,"column":8},"end":{"line":89,"column":8}},{"start":{"line":89,"column":8},"end":{"line":89,"column":8}}]},"5":{"line":90,"type":"if","locations":[{"start":{"line":90,"column":8},"end":{"line":90,"column":8}},{"start":{"line":90,"column":8},"end":{"line":90,"column":8}}]},"6":{"line":114,"type":"if","locations":[{"start":{"line":114,"column":8},"end":{"line":114,"column":8}},{"start":{"line":114,"column":8},"end":{"line":114,"column":8}}]},"7":{"line":245,"type":"if","locations":[{"start":{"line":245,"column":8},"end":{"line":245,"column":8}},{"start":{"line":245,"column":8},"end":{"line":245,"column":8}}]},"8":{"line":253,"type":"if","locations":[{"start":{"line":253,"column":12},"end":{"line":253,"column":12}},{"start":{"line":253,"column":12},"end":{"line":253,"column":12}}]},"9":{"line":263,"type":"if","locations":[{"start":{"line":263,"column":12},"end":{"line":263,"column":12}},{"start":{"line":263,"column":12},"end":{"line":263,"column":12}}]},"10":{"line":265,"type":"if","locations":[{"start":{"line":265,"column":12},"end":{"line":265,"column":12}},{"start":{"line":265,"column":12},"end":{"line":265,"column":12}}]},"11":{"line":267,"type":"if","locations":[{"start":{"line":267,"column":12},"end":{"line":267,"column":12}},{"start":{"line":267,"column":12},"end":{"line":267,"column":12}}]}}},"contracts/tokenbridge/ethereum/gateway/L1CustomGateway.sol":{"l":{"51":0,"53":0,"54":0,"55":0,"59":0,"60":0,"72":0,"92":0,"101":0,"102":0,"104":0,"106":0,"117":0,"134":0,"153":0,"158":0,"159":0,"161":0,"164":0,"166":0,"167":0,"168":0,"169":0,"171":0,"173":0,"179":0,"194":0,"195":0,"215":0,"217":0,"220":0,"221":0,"224":0,"230":0},"path":"/Users/shreyabhakta/Desktop/permit-contract/arbitrum/packages/arb-bridge-peripherals/contracts/tokenbridge/ethereum/gateway/L1CustomGateway.sol","s":{"1":0,"2":0,"3":0,"4":0,"5":0,"6":0,"7":0,"8":0,"9":0,"10":0,"11":0,"12":0,"13":0,"14":0,"15":0,"16":0,"17":0,"18":0,"19":0,"20":0,"21":0,"22":0,"23":0,"24":0,"25":0,"26":0,"27":0,"28":0,"29":0,"30":0,"31":0,"32":0},"b":{"1":[0,0],"2":[0,0],"3":[0,0],"4":[0,0],"5":[0,0],"6":[0,0],"7":[0,0]},"f":{"1":0,"2":0,"3":0,"4":0,"5":0,"6":0,"7":0,"8":0,"9":0,"10":0},"fnMap":{"1":{"name":"nonReentrant","line":49,"loc":{"start":{"line":49,"column":4},"end":{"line":56,"column":4}}},"2":{"name":"onlyOwner","line":58,"loc":{"start":{"line":58,"column":4},"end":{"line":61,"column":4}}},"3":{"name":"outboundTransferCustomRefund","line":71,"loc":{"start":{"line":63,"column":4},"end":{"line":82,"column":4}}},"4":{"name":"finalizeInboundTransfer","line":90,"loc":{"start":{"line":84,"column":4},"end":{"line":93,"column":4}}},"5":{"name":"initialize","line":95,"loc":{"start":{"line":95,"column":4},"end":{"line":107,"column":4}}},"6":{"name":"calculateL2TokenAddress","line":116,"loc":{"start":{"line":116,"column":4},"end":{"line":118,"column":4}}},"7":{"name":"registerTokenToL2","line":128,"loc":{"start":{"line":128,"column":4},"end":{"line":135,"column":4}}},"8":{"name":"registerTokenToL2","line":146,"loc":{"start":{"line":146,"column":4},"end":{"line":191,"column":4}}},"9":{"name":"setOwner","line":193,"loc":{"start":{"line":193,"column":4},"end":{"line":196,"column":4}}},"10":{"name":"forceRegisterTokenToL2","line":214,"loc":{"start":{"line":208,"column":4},"end":{"line":242,"column":4}}}},"statementMap":{"1":{"start":{"line":51,"column":8},"end":{"line":51,"column":70}},"2":{"start":{"line":53,"column":8},"end":{"line":53,"column":25}},"3":{"start":{"line":55,"column":8},"end":{"line":55,"column":29}},"4":{"start":{"line":59,"column":8},"end":{"line":59,"column":49}},"5":{"start":{"line":72,"column":8},"end":{"line":72,"column":2470}},"6":{"start":{"line":92,"column":8},"end":{"line":92,"column":72}},"7":{"start":{"line":101,"column":8},"end":{"line":101,"column":71}},"8":{"start":{"line":102,"column":8},"end":{"line":102,"column":21}},"9":{"start":{"line":104,"column":8},"end":{"line":104,"column":29}},"10":{"start":{"line":106,"column":8},"end":{"line":106,"column":29}},"11":{"start":{"line":117,"column":8},"end":{"line":117,"column":35}},"12":{"start":{"line":134,"column":8},"end":{"line":134,"column":99}},"13":{"start":{"line":153,"column":8},"end":{"line":153,"column":5465}},"14":{"start":{"line":158,"column":8},"end":{"line":158,"column":52}},"15":{"start":{"line":159,"column":8},"end":{"line":159,"column":5661}},"16":{"start":{"line":161,"column":12},"end":{"line":161,"column":75}},"17":{"start":{"line":164,"column":8},"end":{"line":164,"column":43}},"18":{"start":{"line":166,"column":8},"end":{"line":166,"column":55}},"19":{"start":{"line":167,"column":8},"end":{"line":167,"column":55}},"20":{"start":{"line":168,"column":8},"end":{"line":168,"column":34}},"21":{"start":{"line":169,"column":8},"end":{"line":169,"column":34}},"22":{"start":{"line":171,"column":8},"end":{"line":171,"column":53}},"23":{"start":{"line":173,"column":8},"end":{"line":173,"column":6168}},"24":{"start":{"line":179,"column":8},"end":{"line":179,"column":6344}},"25":{"start":{"line":194,"column":8},"end":{"line":194,"column":55}},"26":{"start":{"line":195,"column":8},"end":{"line":195,"column":23}},"27":{"start":{"line":215,"column":8},"end":{"line":215,"column":77}},"28":{"start":{"line":217,"column":8},"end":{"line":217,"column":7640}},"29":{"start":{"line":220,"column":12},"end":{"line":220,"column":57}},"30":{"start":{"line":221,"column":12},"end":{"line":221,"column":59}},"31":{"start":{"line":224,"column":8},"end":{"line":224,"column":8013}},"32":{"start":{"line":230,"column":8},"end":{"line":230,"column":8191}}},"branchMap":{"1":{"line":51,"type":"if","locations":[{"start":{"line":51,"column":8},"end":{"line":51,"column":8}},{"start":{"line":51,"column":8},"end":{"line":51,"column":8}}]},"2":{"line":59,"type":"if","locations":[{"start":{"line":59,"column":8},"end":{"line":59,"column":8}},{"start":{"line":59,"column":8},"end":{"line":59,"column":8}}]},"3":{"line":153,"type":"if","locations":[{"start":{"line":153,"column":8},"end":{"line":153,"column":8}},{"start":{"line":153,"column":8},"end":{"line":153,"column":8}}]},"4":{"line":159,"type":"if","locations":[{"start":{"line":159,"column":8},"end":{"line":159,"column":8}},{"start":{"line":159,"column":8},"end":{"line":159,"column":8}}]},"5":{"line":161,"type":"if","locations":[{"start":{"line":161,"column":12},"end":{"line":161,"column":12}},{"start":{"line":161,"column":12},"end":{"line":161,"column":12}}]},"6":{"line":194,"type":"if","locations":[{"start":{"line":194,"column":8},"end":{"line":194,"column":8}},{"start":{"line":194,"column":8},"end":{"line":194,"column":8}}]},"7":{"line":215,"type":"if","locations":[{"start":{"line":215,"column":8},"end":{"line":215,"column":8}},{"start":{"line":215,"column":8},"end":{"line":215,"column":8}}]}}},"contracts/tokenbridge/ethereum/gateway/L1ERC20Gateway.sol":{"l":{"48":12,"50":12,"51":12,"52":10,"66":10,"86":2,"96":9,"97":9,"98":9,"99":9,"100":9,"102":9,"104":9,"118":27,"123":27,"134":9,"140":9,"149":9,"153":9,"154":9,"159":9},"path":"/Users/shreyabhakta/Desktop/permit-contract/arbitrum/packages/arb-bridge-peripherals/contracts/tokenbridge/ethereum/gateway/L1ERC20Gateway.sol","s":{"1":12,"2":12,"3":10,"4":10,"5":2,"6":9,"7":9,"8":9,"9":9,"10":9,"11":9,"12":9,"13":27,"14":27,"15":9,"16":9,"17":9,"18":9,"19":9,"20":9},"b":{"1":[12,0],"2":[9,0],"3":[9,0]},"f":{"1":12,"2":10,"3":2,"4":9,"5":27,"6":9,"7":9,"8":9},"fnMap":{"1":{"name":"nonReentrant","line":46,"loc":{"start":{"line":46,"column":4},"end":{"line":53,"column":4}}},"2":{"name":"outboundTransferCustomRefund","line":65,"loc":{"start":{"line":57,"column":4},"end":{"line":76,"column":4}}},"3":{"name":"finalizeInboundTransfer","line":84,"loc":{"start":{"line":78,"column":4},"end":{"line":87,"column":4}}},"4":{"name":"initialize","line":89,"loc":{"start":{"line":89,"column":4},"end":{"line":105,"column":4}}},"5":{"name":"callStatic","line":113,"loc":{"start":{"line":113,"column":4},"end":{"line":124,"column":4}}},"6":{"name":"getOutboundCalldata","line":126,"loc":{"start":{"line":126,"column":4},"end":{"line":150,"column":4}}},"7":{"name":"calculateL2TokenAddress","line":152,"loc":{"start":{"line":152,"column":4},"end":{"line":155,"column":4}}},"8":{"name":"getSalt","line":157,"loc":{"start":{"line":157,"column":4},"end":{"line":160,"column":4}}}},"statementMap":{"1":{"start":{"line":48,"column":8},"end":{"line":48,"column":70}},"2":{"start":{"line":50,"column":8},"end":{"line":50,"column":25}},"3":{"start":{"line":52,"column":8},"end":{"line":52,"column":29}},"4":{"start":{"line":66,"column":8},"end":{"line":66,"column":2513}},"5":{"start":{"line":86,"column":8},"end":{"line":86,"column":72}},"6":{"start":{"line":96,"column":8},"end":{"line":96,"column":69}},"7":{"start":{"line":97,"column":8},"end":{"line":97,"column":70}},"8":{"start":{"line":98,"column":8},"end":{"line":98,"column":69}},"9":{"start":{"line":99,"column":8},"end":{"line":99,"column":47}},"10":{"start":{"line":100,"column":8},"end":{"line":100,"column":51}},"11":{"start":{"line":102,"column":8},"end":{"line":102,"column":29}},"12":{"start":{"line":104,"column":8},"end":{"line":104,"column":29}},"13":{"start":{"line":118,"column":8},"end":{"line":118,"column":4287}},"14":{"start":{"line":123,"column":8},"end":{"line":123,"column":18}},"15":{"start":{"line":134,"column":8},"end":{"line":134,"column":4709}},"16":{"start":{"line":140,"column":8},"end":{"line":140,"column":4930}},"17":{"start":{"line":149,"column":8},"end":{"line":149,"column":31}},"18":{"start":{"line":153,"column":8},"end":{"line":153,"column":39}},"19":{"start":{"line":154,"column":8},"end":{"line":154,"column":85}},"20":{"start":{"line":159,"column":8},"end":{"line":159,"column":88}}},"branchMap":{"1":{"line":48,"type":"if","locations":[{"start":{"line":48,"column":8},"end":{"line":48,"column":8}},{"start":{"line":48,"column":8},"end":{"line":48,"column":8}}]},"2":{"line":97,"type":"if","locations":[{"start":{"line":97,"column":8},"end":{"line":97,"column":8}},{"start":{"line":97,"column":8},"end":{"line":97,"column":8}}]},"3":{"line":98,"type":"if","locations":[{"start":{"line":98,"column":8},"end":{"line":98,"column":8}},{"start":{"line":98,"column":8},"end":{"line":98,"column":8}}]}}},"contracts/tokenbridge/ethereum/gateway/L1GatewayRouter.sol":{"l":{"39":7,"40":7,"50":1,"51":1,"52":1,"53":1,"62":7,"64":7,"66":7,"68":7,"69":7,"72":7,"77":7,"94":0,"96":0,"107":0,"109":0,"110":0,"111":0,"113":0,"117":0,"121":0,"125":0,"131":0,"162":0,"181":0,"185":0,"187":0,"188":0,"190":0,"193":0,"194":0,"196":0,"197":0,"199":0,"219":0,"233":2,"237":2,"238":2,"249":1,"251":1,"282":1,"283":1,"285":1,"306":1,"328":3,"343":0,"344":0,"350":3},"path":"/Users/shreyabhakta/Desktop/permit-contract/arbitrum/packages/arb-bridge-peripherals/contracts/tokenbridge/ethereum/gateway/L1GatewayRouter.sol","s":{"1":7,"2":1,"3":1,"4":1,"5":1,"6":7,"7":7,"8":7,"9":7,"10":7,"11":7,"12":7,"13":0,"14":0,"15":0,"16":0,"17":0,"18":0,"19":0,"20":0,"21":0,"22":0,"23":0,"24":0,"25":0,"26":0,"27":0,"28":0,"29":0,"30":0,"31":0,"32":0,"33":0,"34":0,"35":0,"36":2,"37":2,"38":2,"39":1,"40":1,"41":1,"42":1,"43":1,"44":1,"45":3,"46":0,"47":3},"b":{"1":[7,0],"2":[7,0],"3":[0,0],"4":[0,0],"5":[0,0],"6":[0,0],"7":[0,0],"8":[0,0],"9":[0,0],"10":[0,0],"11":[2,0],"12":[2,0],"13":[1,0]},"f":{"1":7,"2":1,"3":7,"4":0,"5":0,"6":0,"7":0,"8":0,"9":2,"10":1,"11":1,"12":1,"13":3,"14":0,"15":3},"fnMap":{"1":{"name":"onlyOwner","line":38,"loc":{"start":{"line":38,"column":4},"end":{"line":41,"column":4}}},"2":{"name":"initialize","line":43,"loc":{"start":{"line":43,"column":4},"end":{"line":54,"column":4}}},"3":{"name":"setDefaultGateway","line":61,"loc":{"start":{"line":56,"column":4},"end":{"line":91,"column":4}}},"4":{"name":"setOwner","line":93,"loc":{"start":{"line":93,"column":4},"end":{"line":97,"column":4}}},"5":{"name":"_setGateways","line":99,"loc":{"start":{"line":99,"column":4},"end":{"line":145,"column":4}}},"6":{"name":"setGateway","line":156,"loc":{"start":{"line":156,"column":4},"end":{"line":163,"column":4}}},"7":{"name":"setGateway","line":174,"loc":{"start":{"line":174,"column":4},"end":{"line":208,"column":4}}},"8":{"name":"setGateways","line":216,"loc":{"start":{"line":210,"column":4},"end":{"line":221,"column":4}}},"9":{"name":"_outboundTransferChecks","line":223,"loc":{"start":{"line":223,"column":4},"end":{"line":239,"column":4}}},"10":{"name":"outboundTransfer","line":241,"loc":{"start":{"line":241,"column":4},"end":{"line":252,"column":4}}},"11":{"name":"outboundTransferCustomRefund","line":272,"loc":{"start":{"line":272,"column":4},"end":{"line":295,"column":4}}},"12":{"name":"outboundTransferWithPermit","line":297,"loc":{"start":{"line":297,"column":4},"end":{"line":316,"column":4}}},"13":{"name":"outboundTransferCustomRefundWithPermit","line":318,"loc":{"start":{"line":318,"column":4},"end":{"line":339,"column":4}}},"14":{"name":"onlyCounterpartGateway","line":341,"loc":{"start":{"line":341,"column":4},"end":{"line":345,"column":4}}},"15":{"name":"supportsInterface","line":347,"loc":{"start":{"line":347,"column":4},"end":{"line":353,"column":4}}}},"statementMap":{"1":{"start":{"line":39,"column":8},"end":{"line":39,"column":49}},"2":{"start":{"line":50,"column":8},"end":{"line":50,"column":82}},"3":{"start":{"line":51,"column":8},"end":{"line":51,"column":21}},"4":{"start":{"line":52,"column":8},"end":{"line":52,"column":47}},"5":{"start":{"line":53,"column":8},"end":{"line":53,"column":21}},"6":{"start":{"line":62,"column":8},"end":{"line":62,"column":43}},"7":{"start":{"line":64,"column":8},"end":{"line":64,"column":55}},"8":{"start":{"line":66,"column":8},"end":{"line":66,"column":35}},"9":{"start":{"line":68,"column":8},"end":{"line":68,"column":2248}},"10":{"start":{"line":69,"column":12},"end":{"line":69,"column":87}},"11":{"start":{"line":72,"column":8},"end":{"line":72,"column":2399}},"12":{"start":{"line":77,"column":8},"end":{"line":77,"column":2555}},"13":{"start":{"line":94,"column":8},"end":{"line":94,"column":55}},"14":{"start":{"line":96,"column":8},"end":{"line":96,"column":23}},"15":{"start":{"line":107,"column":8},"end":{"line":107,"column":64}},"16":{"start":{"line":109,"column":8},"end":{"line":109,"column":3518}},"17":{"start":{"line":110,"column":12},"end":{"line":110,"column":52}},"18":{"start":{"line":111,"column":12},"end":{"line":111,"column":51}},"19":{"start":{"line":113,"column":12},"end":{"line":113,"column":3777}},"20":{"start":{"line":117,"column":16},"end":{"line":117,"column":4086}},"21":{"start":{"line":121,"column":16},"end":{"line":121,"column":75}},"22":{"start":{"line":125,"column":8},"end":{"line":125,"column":4365}},"23":{"start":{"line":131,"column":8},"end":{"line":131,"column":4523}},"24":{"start":{"line":162,"column":8},"end":{"line":162,"column":90}},"25":{"start":{"line":181,"column":8},"end":{"line":181,"column":6357}},"26":{"start":{"line":185,"column":8},"end":{"line":185,"column":56}},"27":{"start":{"line":187,"column":8},"end":{"line":187,"column":52}},"28":{"start":{"line":188,"column":8},"end":{"line":188,"column":6612}},"29":{"start":{"line":190,"column":12},"end":{"line":190,"column":74}},"30":{"start":{"line":193,"column":8},"end":{"line":193,"column":53}},"31":{"start":{"line":194,"column":8},"end":{"line":194,"column":41}},"32":{"start":{"line":196,"column":8},"end":{"line":196,"column":55}},"33":{"start":{"line":197,"column":8},"end":{"line":197,"column":32}},"34":{"start":{"line":199,"column":8},"end":{"line":199,"column":7081}},"35":{"start":{"line":219,"column":8},"end":{"line":219,"column":7802}},"36":{"start":{"line":233,"column":8},"end":{"line":233,"column":65}},"37":{"start":{"line":237,"column":8},"end":{"line":237,"column":61}},"38":{"start":{"line":238,"column":8},"end":{"line":238,"column":93}},"39":{"start":{"line":249,"column":8},"end":{"line":249,"column":60}},"40":{"start":{"line":251,"column":8},"end":{"line":251,"column":89}},"41":{"start":{"line":282,"column":8},"end":{"line":282,"column":62}},"42":{"start":{"line":283,"column":8},"end":{"line":283,"column":60}},"43":{"start":{"line":285,"column":8},"end":{"line":285,"column":10819}},"44":{"start":{"line":306,"column":8},"end":{"line":306,"column":11371}},"45":{"start":{"line":328,"column":8},"end":{"line":328,"column":11964}},"46":{"start":{"line":343,"column":8},"end":{"line":343,"column":41}},"47":{"start":{"line":350,"column":8},"end":{"line":350,"column":12729}}},"branchMap":{"1":{"line":39,"type":"if","locations":[{"start":{"line":39,"column":8},"end":{"line":39,"column":8}},{"start":{"line":39,"column":8},"end":{"line":39,"column":8}}]},"2":{"line":68,"type":"if","locations":[{"start":{"line":68,"column":8},"end":{"line":68,"column":8}},{"start":{"line":68,"column":8},"end":{"line":68,"column":8}}]},"3":{"line":94,"type":"if","locations":[{"start":{"line":94,"column":8},"end":{"line":94,"column":8}},{"start":{"line":94,"column":8},"end":{"line":94,"column":8}}]},"4":{"line":107,"type":"if","locations":[{"start":{"line":107,"column":8},"end":{"line":107,"column":8}},{"start":{"line":107,"column":8},"end":{"line":107,"column":8}}]},"5":{"line":113,"type":"if","locations":[{"start":{"line":113,"column":12},"end":{"line":113,"column":12}},{"start":{"line":113,"column":12},"end":{"line":113,"column":12}}]},"6":{"line":117,"type":"if","locations":[{"start":{"line":117,"column":16},"end":{"line":117,"column":16}},{"start":{"line":117,"column":16},"end":{"line":117,"column":16}}]},"7":{"line":181,"type":"if","locations":[{"start":{"line":181,"column":8},"end":{"line":181,"column":8}},{"start":{"line":181,"column":8},"end":{"line":181,"column":8}}]},"8":{"line":185,"type":"if","locations":[{"start":{"line":185,"column":8},"end":{"line":185,"column":8}},{"start":{"line":185,"column":8},"end":{"line":185,"column":8}}]},"9":{"line":188,"type":"if","locations":[{"start":{"line":188,"column":8},"end":{"line":188,"column":8}},{"start":{"line":188,"column":8},"end":{"line":188,"column":8}}]},"10":{"line":190,"type":"if","locations":[{"start":{"line":190,"column":12},"end":{"line":190,"column":12}},{"start":{"line":190,"column":12},"end":{"line":190,"column":12}}]},"11":{"line":237,"type":"if","locations":[{"start":{"line":237,"column":8},"end":{"line":237,"column":8}},{"start":{"line":237,"column":8},"end":{"line":237,"column":8}}]},"12":{"line":238,"type":"if","locations":[{"start":{"line":238,"column":8},"end":{"line":238,"column":8}},{"start":{"line":238,"column":8},"end":{"line":238,"column":8}}]},"13":{"line":282,"type":"if","locations":[{"start":{"line":282,"column":8},"end":{"line":282,"column":8}},{"start":{"line":282,"column":8},"end":{"line":282,"column":8}}]}}},"contracts/tokenbridge/ethereum/gateway/L1WethGateway.sol":{"l":{"41":5,"42":5,"43":5,"44":5,"45":5,"57":3,"81":3,"82":3,"85":3,"93":0,"94":0,"105":3,"107":0,"109":3},"path":"/Users/shreyabhakta/Desktop/permit-contract/arbitrum/packages/arb-bridge-peripherals/contracts/tokenbridge/ethereum/gateway/L1WethGateway.sol","s":{"1":5,"2":5,"3":5,"4":5,"5":5,"6":3,"7":3,"8":3,"9":3,"10":0,"11":0,"12":3,"13":0,"14":3},"b":{"1":[5,0],"2":[5,0],"3":[0,3]},"f":{"1":5,"2":3,"3":3,"4":0,"5":3},"fnMap":{"1":{"name":"initialize","line":34,"loc":{"start":{"line":34,"column":4},"end":{"line":46,"column":4}}},"2":{"name":"createOutboundTxCustomRefund","line":48,"loc":{"start":{"line":48,"column":4},"end":{"line":74,"column":4}}},"3":{"name":"outboundEscrowTransfer","line":76,"loc":{"start":{"line":76,"column":4},"end":{"line":86,"column":4}}},"4":{"name":"inboundEscrowTransfer","line":88,"loc":{"start":{"line":88,"column":4},"end":{"line":95,"column":4}}},"5":{"name":"calculateL2TokenAddress","line":104,"loc":{"start":{"line":104,"column":4},"end":{"line":110,"column":4}}}},"statementMap":{"1":{"start":{"line":41,"column":8},"end":{"line":41,"column":71}},"2":{"start":{"line":42,"column":8},"end":{"line":42,"column":55}},"3":{"start":{"line":43,"column":8},"end":{"line":43,"column":55}},"4":{"start":{"line":44,"column":8},"end":{"line":44,"column":23}},"5":{"start":{"line":45,"column":8},"end":{"line":45,"column":23}},"6":{"start":{"line":57,"column":8},"end":{"line":57,"column":1848}},"7":{"start":{"line":81,"column":8},"end":{"line":81,"column":71}},"8":{"start":{"line":82,"column":8},"end":{"line":82,"column":41}},"9":{"start":{"line":85,"column":8},"end":{"line":85,"column":22}},"10":{"start":{"line":93,"column":8},"end":{"line":93,"column":51}},"11":{"start":{"line":94,"column":8},"end":{"line":94,"column":52}},"12":{"start":{"line":105,"column":8},"end":{"line":105,"column":3658}},"13":{"start":{"line":107,"column":12},"end":{"line":107,"column":29}},"14":{"start":{"line":109,"column":8},"end":{"line":109,"column":21}}},"branchMap":{"1":{"line":42,"type":"if","locations":[{"start":{"line":42,"column":8},"end":{"line":42,"column":8}},{"start":{"line":42,"column":8},"end":{"line":42,"column":8}}]},"2":{"line":43,"type":"if","locations":[{"start":{"line":43,"column":8},"end":{"line":43,"column":8}},{"start":{"line":43,"column":8},"end":{"line":43,"column":8}}]},"3":{"line":105,"type":"if","locations":[{"start":{"line":105,"column":8},"end":{"line":105,"column":8}},{"start":{"line":105,"column":8},"end":{"line":105,"column":8}}]}}},"contracts/tokenbridge/ethereum/ICustomToken.sol":{"l":{},"path":"/Users/shreyabhakta/Desktop/permit-contract/arbitrum/packages/arb-bridge-peripherals/contracts/tokenbridge/ethereum/ICustomToken.sol","s":{},"b":{},"f":{},"fnMap":{},"statementMap":{},"branchMap":{}},"contracts/tokenbridge/ethereum/L1ArbitrumMessenger.sol":{"l":{"46":12,"71":7,"97":19,"107":19,"108":19,"122":7,"138":4,"143":1,"144":1,"146":1,"147":1},"path":"/Users/shreyabhakta/Desktop/permit-contract/arbitrum/packages/arb-bridge-peripherals/contracts/tokenbridge/ethereum/L1ArbitrumMessenger.sol","s":{"1":12,"2":7,"3":19,"4":19,"5":19,"6":7,"7":4,"8":1,"9":1,"10":1,"11":1},"b":{"1":[1,0]},"f":{"1":12,"2":7,"3":19,"4":7,"5":4,"6":1},"fnMap":{"1":{"name":"sendTxToL2CustomRefund","line":35,"loc":{"start":{"line":35,"column":4},"end":{"line":59,"column":4}}},"2":{"name":"sendTxToL2","line":61,"loc":{"start":{"line":61,"column":4},"end":{"line":83,"column":4}}},"3":{"name":"sendTxToL2CustomRefund","line":85,"loc":{"start":{"line":85,"column":4},"end":{"line":109,"column":4}}},"4":{"name":"sendTxToL2","line":111,"loc":{"start":{"line":111,"column":4},"end":{"line":135,"column":4}}},"5":{"name":"getBridge","line":137,"loc":{"start":{"line":137,"column":4},"end":{"line":139,"column":4}}},"6":{"name":"getL2ToL1Sender","line":142,"loc":{"start":{"line":142,"column":4},"end":{"line":148,"column":4}}}},"statementMap":{"1":{"start":{"line":46,"column":8},"end":{"line":46,"column":1642}},"2":{"start":{"line":71,"column":8},"end":{"line":71,"column":2358}},"3":{"start":{"line":97,"column":8},"end":{"line":97,"column":3040}},"4":{"start":{"line":107,"column":8},"end":{"line":107,"column":46}},"5":{"start":{"line":108,"column":8},"end":{"line":108,"column":21}},"6":{"start":{"line":122,"column":8},"end":{"line":122,"column":3818}},"7":{"start":{"line":138,"column":8},"end":{"line":138,"column":38}},"8":{"start":{"line":143,"column":8},"end":{"line":143,"column":66}},"9":{"start":{"line":144,"column":8},"end":{"line":144,"column":52}},"10":{"start":{"line":146,"column":8},"end":{"line":146,"column":55}},"11":{"start":{"line":147,"column":8},"end":{"line":147,"column":27}}},"branchMap":{"1":{"line":146,"type":"if","locations":[{"start":{"line":146,"column":8},"end":{"line":146,"column":8}},{"start":{"line":146,"column":8},"end":{"line":146,"column":8}}]}}},"contracts/tokenbridge/libraries/aeERC20.sol":{"l":{"40":21,"41":21,"42":21},"path":"/Users/shreyabhakta/Desktop/permit-contract/arbitrum/packages/arb-bridge-peripherals/contracts/tokenbridge/libraries/aeERC20.sol","s":{"1":21,"2":21,"3":21},"b":{},"f":{"1":21,"2":21},"fnMap":{"1":{"name":"constructor","line":30,"loc":{"start":{"line":30,"column":4},"end":{"line":33,"column":4}}},"2":{"name":"_initialize","line":39,"loc":{"start":{"line":35,"column":4},"end":{"line":43,"column":4}}}},"statementMap":{"1":{"start":{"line":40,"column":8},"end":{"line":40,"column":32}},"2":{"start":{"line":41,"column":8},"end":{"line":41,"column":35}},"3":{"start":{"line":42,"column":8},"end":{"line":42,"column":32}}},"branchMap":{}},"contracts/tokenbridge/libraries/aeWETH.sol":{"l":{"33":0,"41":0,"45":0,"46":0,"47":0,"51":0,"55":0,"59":0,"63":0,"64":0,"65":0,"69":0},"path":"/Users/shreyabhakta/Desktop/permit-contract/arbitrum/packages/arb-bridge-peripherals/contracts/tokenbridge/libraries/aeWETH.sol","s":{"1":0,"2":0,"3":0,"4":0,"5":0,"6":0,"7":0,"8":0,"9":0,"10":0,"11":0},"b":{"1":[0,0],"2":[0,0]},"f":{"1":0,"2":0,"3":0,"4":0,"5":0,"6":0,"7":0},"fnMap":{"1":{"name":"initialize","line":26,"loc":{"start":{"line":26,"column":4},"end":{"line":34,"column":4}}},"2":{"name":"bridgeMint","line":36,"loc":{"start":{"line":36,"column":4},"end":{"line":42,"column":4}}},"3":{"name":"bridgeBurn","line":44,"loc":{"start":{"line":44,"column":4},"end":{"line":48,"column":4}}},"4":{"name":"deposit","line":50,"loc":{"start":{"line":50,"column":4},"end":{"line":52,"column":4}}},"5":{"name":"withdraw","line":54,"loc":{"start":{"line":54,"column":4},"end":{"line":56,"column":4}}},"6":{"name":"depositTo","line":58,"loc":{"start":{"line":58,"column":4},"end":{"line":60,"column":4}}},"7":{"name":"withdrawTo","line":62,"loc":{"start":{"line":62,"column":4},"end":{"line":66,"column":4}}}},"statementMap":{"1":{"start":{"line":33,"column":8},"end":{"line":33,"column":84}},"2":{"start":{"line":41,"column":8},"end":{"line":41,"column":31}},"3":{"start":{"line":45,"column":8},"end":{"line":45,"column":29}},"4":{"start":{"line":46,"column":8},"end":{"line":46,"column":63}},"5":{"start":{"line":47,"column":8},"end":{"line":47,"column":40}},"6":{"start":{"line":51,"column":8},"end":{"line":51,"column":28}},"7":{"start":{"line":55,"column":8},"end":{"line":55,"column":37}},"8":{"start":{"line":59,"column":8},"end":{"line":59,"column":32}},"9":{"start":{"line":63,"column":8},"end":{"line":63,"column":32}},"10":{"start":{"line":64,"column":8},"end":{"line":64,"column":60}},"11":{"start":{"line":65,"column":8},"end":{"line":65,"column":40}}},"branchMap":{"1":{"line":47,"type":"if","locations":[{"start":{"line":47,"column":8},"end":{"line":47,"column":8}},{"start":{"line":47,"column":8},"end":{"line":47,"column":8}}]},"2":{"line":65,"type":"if","locations":[{"start":{"line":65,"column":8},"end":{"line":65,"column":8}},{"start":{"line":65,"column":8},"end":{"line":65,"column":8}}]}}},"contracts/tokenbridge/libraries/BytesParser.sol":{"l":{"27":29,"28":0,"31":29,"32":29,"33":4,"35":25,"36":25,"40":41,"41":1,"45":33,"51":32,"52":32,"53":528,"56":32,"57":32,"58":496,"62":32,"67":7,"68":7},"path":"/Users/shreyabhakta/Desktop/permit-contract/arbitrum/packages/arb-bridge-peripherals/contracts/tokenbridge/libraries/BytesParser.sol","s":{"1":29,"2":0,"3":29,"4":29,"5":4,"6":25,"7":25,"8":41,"9":1,"10":40,"11":33,"12":1,"13":32,"14":32,"15":32,"16":32,"17":32,"18":496,"19":7,"20":7},"b":{"1":[0,29],"2":[4,25],"3":[1,40],"4":[33,7],"5":[1,32]},"f":{"1":29,"2":41},"fnMap":{"1":{"name":"toUint8","line":26,"loc":{"start":{"line":26,"column":4},"end":{"line":37,"column":4}}},"2":{"name":"toString","line":39,"loc":{"start":{"line":39,"column":4},"end":{"line":70,"column":4}}}},"statementMap":{"1":{"start":{"line":27,"column":8},"end":{"line":27,"column":890}},"2":{"start":{"line":28,"column":12},"end":{"line":28,"column":29}},"3":{"start":{"line":31,"column":8},"end":{"line":31,"column":55}},"4":{"start":{"line":32,"column":8},"end":{"line":32,"column":1065}},"5":{"start":{"line":33,"column":12},"end":{"line":33,"column":29}},"6":{"start":{"line":35,"column":8},"end":{"line":35,"column":28}},"7":{"start":{"line":36,"column":8},"end":{"line":36,"column":21}},"8":{"start":{"line":40,"column":8},"end":{"line":40,"column":1310}},"9":{"start":{"line":41,"column":12},"end":{"line":41,"column":26}},"10":{"start":{"line":43,"column":15},"end":{"line":43,"column":1425}},"11":{"start":{"line":45,"column":12},"end":{"line":45,"column":1574}},"12":{"start":{"line":45,"column":43},"end":{"line":45,"column":62}},"13":{"start":{"line":46,"column":17},"end":{"line":46,"column":30}},"14":{"start":{"line":51,"column":12},"end":{"line":51,"column":28}},"15":{"start":{"line":52,"column":12},"end":{"line":52,"column":1994}},"16":{"start":{"line":56,"column":12},"end":{"line":56,"column":56}},"17":{"start":{"line":57,"column":12},"end":{"line":57,"column":2154}},"18":{"start":{"line":58,"column":16},"end":{"line":58,"column":43}},"19":{"start":{"line":67,"column":12},"end":{"line":67,"column":25}},"20":{"start":{"line":68,"column":12},"end":{"line":68,"column":44}}},"branchMap":{"1":{"line":27,"type":"if","locations":[{"start":{"line":27,"column":8},"end":{"line":27,"column":8}},{"start":{"line":27,"column":8},"end":{"line":27,"column":8}}]},"2":{"line":32,"type":"if","locations":[{"start":{"line":32,"column":8},"end":{"line":32,"column":8}},{"start":{"line":32,"column":8},"end":{"line":32,"column":8}}]},"3":{"line":40,"type":"if","locations":[{"start":{"line":40,"column":8},"end":{"line":40,"column":8}},{"start":{"line":40,"column":8},"end":{"line":40,"column":8}}]},"4":{"line":43,"type":"if","locations":[{"start":{"line":43,"column":15},"end":{"line":43,"column":15}},{"start":{"line":43,"column":15},"end":{"line":43,"column":15}}]},"5":{"line":45,"type":"if","locations":[{"start":{"line":45,"column":12},"end":{"line":45,"column":12}},{"start":{"line":45,"column":12},"end":{"line":45,"column":12}}]}}},"contracts/tokenbridge/libraries/ClonableBeaconProxy.sol":{"l":{"28":0,"29":0,"30":0,"34":0,"39":0,"40":0,"41":0,"49":0,"50":0,"54":0},"path":"/Users/shreyabhakta/Desktop/permit-contract/arbitrum/packages/arb-bridge-peripherals/contracts/tokenbridge/libraries/ClonableBeaconProxy.sol","s":{"1":0,"2":0,"3":0,"4":0,"5":0,"6":0,"7":0,"8":0,"9":0,"10":0},"b":{"1":[0,0],"2":[0,0]},"f":{"1":0,"2":0,"3":0,"4":0,"5":0,"6":0},"fnMap":{"1":{"name":"constructor","line":14,"loc":{"start":{"line":14,"column":4},"end":{"line":14,"column":76}}},"2":{"name":"initialize","line":27,"loc":{"start":{"line":27,"column":4},"end":{"line":31,"column":4}}},"3":{"name":"getSalt","line":33,"loc":{"start":{"line":33,"column":4},"end":{"line":35,"column":4}}},"4":{"name":"createProxy","line":37,"loc":{"start":{"line":37,"column":4},"end":{"line":42,"column":4}}},"5":{"name":"calculateExpectedAddress","line":44,"loc":{"start":{"line":44,"column":4},"end":{"line":51,"column":4}}},"6":{"name":"calculateExpectedAddress","line":53,"loc":{"start":{"line":53,"column":4},"end":{"line":55,"column":4}}}},"statementMap":{"1":{"start":{"line":28,"column":8},"end":{"line":28,"column":55}},"2":{"start":{"line":29,"column":8},"end":{"line":29,"column":52}},"3":{"start":{"line":30,"column":8},"end":{"line":30,"column":23}},"4":{"start":{"line":34,"column":8},"end":{"line":34,"column":52}},"5":{"start":{"line":39,"column":8},"end":{"line":39,"column":52}},"6":{"start":{"line":40,"column":8},"end":{"line":40,"column":82}},"7":{"start":{"line":41,"column":8},"end":{"line":41,"column":30}},"8":{"start":{"line":49,"column":8},"end":{"line":49,"column":46}},"9":{"start":{"line":50,"column":8},"end":{"line":50,"column":78}},"10":{"start":{"line":54,"column":8},"end":{"line":54,"column":78}}},"branchMap":{"1":{"line":28,"type":"if","locations":[{"start":{"line":28,"column":8},"end":{"line":28,"column":8}},{"start":{"line":28,"column":8},"end":{"line":28,"column":8}}]},"2":{"line":29,"type":"if","locations":[{"start":{"line":29,"column":8},"end":{"line":29,"column":8}},{"start":{"line":29,"column":8},"end":{"line":29,"column":8}}]}}},"contracts/tokenbridge/libraries/ERC165.sol":{"l":{"30":6},"path":"/Users/shreyabhakta/Desktop/permit-contract/arbitrum/packages/arb-bridge-peripherals/contracts/tokenbridge/libraries/ERC165.sol","s":{"1":6},"b":{},"f":{"1":6},"fnMap":{"1":{"name":"supportsInterface","line":29,"loc":{"start":{"line":29,"column":4},"end":{"line":31,"column":4}}}},"statementMap":{"1":{"start":{"line":30,"column":8},"end":{"line":30,"column":55}}},"branchMap":{}},"contracts/tokenbridge/libraries/gateway/GatewayMessageHandler.sol":{"l":{"30":12,"39":0,"49":0,"58":1,"69":6,"78":14},"path":"/Users/shreyabhakta/Desktop/permit-contract/arbitrum/packages/arb-bridge-peripherals/contracts/tokenbridge/libraries/gateway/GatewayMessageHandler.sol","s":{"1":12,"2":0,"3":0,"4":1,"5":6,"6":14},"b":{},"f":{"1":12,"2":0,"3":0,"4":1,"5":6,"6":14},"fnMap":{"1":{"name":"encodeToL2GatewayMsg","line":25,"loc":{"start":{"line":25,"column":4},"end":{"line":31,"column":4}}},"2":{"name":"parseFromL1GatewayMsg","line":33,"loc":{"start":{"line":33,"column":4},"end":{"line":40,"column":4}}},"3":{"name":"encodeFromL2GatewayMsg","line":44,"loc":{"start":{"line":44,"column":4},"end":{"line":50,"column":4}}},"4":{"name":"parseToL1GatewayMsg","line":52,"loc":{"start":{"line":52,"column":4},"end":{"line":59,"column":4}}},"5":{"name":"encodeFromRouterToGateway","line":63,"loc":{"start":{"line":63,"column":4},"end":{"line":70,"column":4}}},"6":{"name":"parseFromRouterToGateway","line":72,"loc":{"start":{"line":72,"column":4},"end":{"line":79,"column":4}}}},"statementMap":{"1":{"start":{"line":30,"column":8},"end":{"line":30,"column":50}},"2":{"start":{"line":39,"column":8},"end":{"line":39,"column":70}},"3":{"start":{"line":49,"column":8},"end":{"line":49,"column":46}},"4":{"start":{"line":58,"column":8},"end":{"line":58,"column":68}},"5":{"start":{"line":69,"column":8},"end":{"line":69,"column":39}},"6":{"start":{"line":78,"column":8},"end":{"line":78,"column":50}}},"branchMap":{}},"contracts/tokenbridge/libraries/gateway/GatewayRouter.sol":{"l":{"63":0,"64":0,"74":1,"75":1,"77":1,"87":0,"100":1,"101":1,"106":1,"107":1,"139":1,"140":1,"145":1,"146":1,"180":1,"181":1,"186":1,"187":1,"188":1,"198":0,"210":1,"244":3,"245":3,"250":3,"251":3,"252":2,"262":1,"274":3,"293":0,"294":0,"298":6,"300":6,"302":6,"305":6,"307":0,"310":6,"320":0,"321":0,"322":0,"324":0},"path":"/Users/shreyabhakta/Desktop/permit-contract/arbitrum/packages/arb-bridge-peripherals/contracts/tokenbridge/libraries/gateway/GatewayRouter.sol","s":{"1":0,"2":0,"3":1,"4":1,"5":1,"6":0,"7":1,"8":1,"9":1,"10":1,"11":1,"12":1,"13":1,"14":1,"15":1,"16":1,"17":1,"18":1,"19":1,"20":0,"21":1,"22":3,"23":3,"24":3,"25":3,"26":2,"27":1,"28":3,"29":0,"30":0,"31":6,"32":6,"33":6,"34":6,"35":0,"36":6,"37":0,"38":0,"39":0,"40":0},"b":{"1":[0,0],"2":[1,0],"3":[1,0],"4":[2,1],"5":[6,0],"6":[0,6],"7":[0,0]},"f":{"1":0,"2":1,"3":0,"4":1,"5":1,"6":1,"7":3,"8":0,"9":6,"10":0},"fnMap":{"1":{"name":"postUpgradeInit","line":60,"loc":{"start":{"line":60,"column":4},"end":{"line":66,"column":4}}},"2":{"name":"_initialize","line":68,"loc":{"start":{"line":68,"column":4},"end":{"line":78,"column":4}}},"3":{"name":"finalizeInboundTransfer","line":80,"loc":{"start":{"line":80,"column":4},"end":{"line":88,"column":4}}},"4":{"name":"outboundTransfer","line":90,"loc":{"start":{"line":90,"column":4},"end":{"line":116,"column":4}}},"5":{"name":"outboundTransferCustomRefund","line":130,"loc":{"start":{"line":130,"column":4},"end":{"line":156,"column":4}}},"6":{"name":"outboundTransferWithPermit","line":171,"loc":{"start":{"line":171,"column":4},"end":{"line":219,"column":4}}},"7":{"name":"outboundTransferCustomRefundWithPermit","line":234,"loc":{"start":{"line":234,"column":4},"end":{"line":284,"column":4}}},"8":{"name":"getOutboundCalldata","line":286,"loc":{"start":{"line":286,"column":4},"end":{"line":295,"column":4}}},"9":{"name":"getGateway","line":297,"loc":{"start":{"line":297,"column":4},"end":{"line":311,"column":4}}},"10":{"name":"calculateL2TokenAddress","line":313,"loc":{"start":{"line":313,"column":4},"end":{"line":325,"column":4}}}},"statementMap":{"1":{"start":{"line":63,"column":8},"end":{"line":63,"column":54}},"2":{"start":{"line":64,"column":8},"end":{"line":64,"column":58}},"3":{"start":{"line":74,"column":8},"end":{"line":74,"column":51}},"4":{"start":{"line":75,"column":8},"end":{"line":75,"column":61}},"5":{"start":{"line":77,"column":8},"end":{"line":77,"column":39}},"6":{"start":{"line":87,"column":8},"end":{"line":87,"column":37}},"7":{"start":{"line":100,"column":8},"end":{"line":100,"column":44}},"8":{"start":{"line":101,"column":8},"end":{"line":101,"column":3394}},"9":{"start":{"line":106,"column":8},"end":{"line":106,"column":61}},"10":{"start":{"line":107,"column":8},"end":{"line":107,"column":3599}},"11":{"start":{"line":139,"column":8},"end":{"line":139,"column":44}},"12":{"start":{"line":140,"column":8},"end":{"line":140,"column":5004}},"13":{"start":{"line":145,"column":8},"end":{"line":145,"column":61}},"14":{"start":{"line":146,"column":8},"end":{"line":146,"column":5209}},"15":{"start":{"line":180,"column":8},"end":{"line":180,"column":44}},"16":{"start":{"line":181,"column":8},"end":{"line":181,"column":6724}},"17":{"start":{"line":186,"column":8},"end":{"line":186,"column":61}},"18":{"start":{"line":187,"column":8},"end":{"line":187,"column":6924}},"19":{"start":{"line":188,"column":12},"end":{"line":188,"column":6974}},"20":{"start":{"line":198,"column":12},"end":{"line":198,"column":7254}},"21":{"start":{"line":210,"column":8},"end":{"line":210,"column":7560}},"22":{"start":{"line":244,"column":8},"end":{"line":244,"column":44}},"23":{"start":{"line":245,"column":8},"end":{"line":245,"column":9106}},"24":{"start":{"line":250,"column":8},"end":{"line":250,"column":61}},"25":{"start":{"line":251,"column":8},"end":{"line":251,"column":9306}},"26":{"start":{"line":252,"column":12},"end":{"line":252,"column":9356}},"27":{"start":{"line":262,"column":12},"end":{"line":262,"column":9636}},"28":{"start":{"line":274,"column":8},"end":{"line":274,"column":9942}},"29":{"start":{"line":293,"column":8},"end":{"line":293,"column":44}},"30":{"start":{"line":294,"column":8},"end":{"line":294,"column":92}},"31":{"start":{"line":298,"column":8},"end":{"line":298,"column":41}},"32":{"start":{"line":300,"column":8},"end":{"line":300,"column":10733}},"33":{"start":{"line":302,"column":12},"end":{"line":302,"column":35}},"34":{"start":{"line":305,"column":8},"end":{"line":305,"column":10878}},"35":{"start":{"line":307,"column":12},"end":{"line":307,"column":28}},"36":{"start":{"line":310,"column":8},"end":{"line":310,"column":22}},"37":{"start":{"line":320,"column":8},"end":{"line":320,"column":45}},"38":{"start":{"line":321,"column":8},"end":{"line":321,"column":11239}},"39":{"start":{"line":322,"column":12},"end":{"line":322,"column":28}},"40":{"start":{"line":324,"column":8},"end":{"line":324,"column":69}}},"branchMap":{"1":{"line":64,"type":"if","locations":[{"start":{"line":64,"column":8},"end":{"line":64,"column":8}},{"start":{"line":64,"column":8},"end":{"line":64,"column":8}}]},"2":{"line":74,"type":"if","locations":[{"start":{"line":74,"column":8},"end":{"line":74,"column":8}},{"start":{"line":74,"column":8},"end":{"line":74,"column":8}}]},"3":{"line":187,"type":"if","locations":[{"start":{"line":187,"column":8},"end":{"line":187,"column":8}},{"start":{"line":187,"column":8},"end":{"line":187,"column":8}}]},"4":{"line":251,"type":"if","locations":[{"start":{"line":251,"column":8},"end":{"line":251,"column":8}},{"start":{"line":251,"column":8},"end":{"line":251,"column":8}}]},"5":{"line":300,"type":"if","locations":[{"start":{"line":300,"column":8},"end":{"line":300,"column":8}},{"start":{"line":300,"column":8},"end":{"line":300,"column":8}}]},"6":{"line":305,"type":"if","locations":[{"start":{"line":305,"column":8},"end":{"line":305,"column":8}},{"start":{"line":305,"column":8},"end":{"line":305,"column":8}}]},"7":{"line":321,"type":"if","locations":[{"start":{"line":321,"column":8},"end":{"line":321,"column":8}},{"start":{"line":321,"column":8},"end":{"line":321,"column":8}}]}}},"contracts/tokenbridge/libraries/gateway/ICustomGateway.sol":{"l":{},"path":"/Users/shreyabhakta/Desktop/permit-contract/arbitrum/packages/arb-bridge-peripherals/contracts/tokenbridge/libraries/gateway/ICustomGateway.sol","s":{},"b":{},"f":{},"fnMap":{},"statementMap":{},"branchMap":{}},"contracts/tokenbridge/libraries/gateway/ITokenGateway.sol":{"l":{},"path":"/Users/shreyabhakta/Desktop/permit-contract/arbitrum/packages/arb-bridge-peripherals/contracts/tokenbridge/libraries/gateway/ITokenGateway.sol","s":{},"b":{},"f":{},"fnMap":{},"statementMap":{},"branchMap":{}},"contracts/tokenbridge/libraries/gateway/TokenGateway.sol":{"l":{"33":0,"34":0,"41":15,"42":15,"43":15,"44":15,"48":28},"path":"/Users/shreyabhakta/Desktop/permit-c
[...]
"start":{"line":87,"column":8},"end":{"line":87,"column":2663}},"12":{"start":{"line":95,"column":8},"end":{"line":95,"column":2923}},"13":{"start":{"line":103,"column":8},"end":{"line":103,"column":35}},"14":{"start":{"line":111,"column":8},"end":{"line":111,"column":29}},"15":{"start":{"line":120,"column":8},"end":{"line":120,"column":39}},"16":{"start":{"line":128,"column":8},"end":{"line":128,"column":60}}},"branchMap":{"1":{"line":68,"type":"if","locations":[{"start":{"line":68,"column":8},"end":{"line":68,"column":8}},{"start":{"line":68,"column":8},"end":{"line":68,"column":8}}]}}},"contracts/tokenbridge/test/TestERC20.sol":{"l":{"26":21,"30":7,"40":0,"48":0,"49":0,"52":0,"53":0,"55":0,"59":0,"60":0,"64":0},"path":"/Users/shreyabhakta/Desktop/permit-contract/arbitrum/packages/arb-bridge-peripherals/contracts/tokenbridge/test/TestERC20.sol","s":{"1":21,"2":7,"3":0,"4":0,"5":0,"6":0,"7":0,"8":0,"9":0,"10":0,"11":0},"b":{"1":[0,0]},"f":{"1":21,"2":7,"3":0,"4":0,"5":0,"6":0},"fnMap":{"1":{"name":"constructor","line":25,"loc":{"start":{"line":25,"column":4},"end":{"line":27,"column":4}}},"2":{"name":"mint","line":29,"loc":{"start":{"line":29,"column":4},"end":{"line":31,"column":4}}},"3":{"name":"transfer","line":39,"loc":{"start":{"line":39,"column":4},"end":{"line":41,"column":4}}},"4":{"name":"transferFrom","line":43,"loc":{"start":{"line":43,"column":4},"end":{"line":56,"column":4}}},"5":{"name":"approve","line":58,"loc":{"start":{"line":58,"column":4},"end":{"line":61,"column":4}}},"6":{"name":"mint","line":63,"loc":{"start":{"line":63,"column":4},"end":{"line":65,"column":4}}}},"statementMap":{"1":{"start":{"line":26,"column":8},"end":{"line":26,"column":64}},"2":{"start":{"line":30,"column":8},"end":{"line":30,"column":34}},"3":{"start":{"line":40,"column":8},"end":{"line":40,"column":49}},"4":{"start":{"line":48,"column":8},"end":{"line":48,"column":1446}},"5":{"start":{"line":49,"column":12},"end":{"line":49,"column":72}},"6":{"start":{"line":52,"column":8},"end":{"line":52,"column":44}},"7":{"start":{"line":53,"column":8},"end":{"line":53,"column":44}},"8":{"start":{"line":55,"column":8},"end":{"line":55,"column":19}},"9":{"start":{"line":59,"column":8},"end":{"line":59,"column":39}},"10":{"start":{"line":60,"column":8},"end":{"line":60,"column":19}},"11":{"start":{"line":64,"column":8},"end":{"line":64,"column":39}}},"branchMap":{"1":{"line":48,"type":"if","locations":[{"start":{"line":48,"column":8},"end":{"line":48,"column":8}},{"start":{"line":48,"column":8},"end":{"line":48,"column":8}}]}}},"contracts/tokenbridge/test/TestERC20Permit.sol":{"l":{"31":6},"path":"/Users/shreyabhakta/Desktop/permit-contract/arbitrum/packages/arb-bridge-peripherals/contracts/tokenbridge/test/TestERC20Permit.sol","s":{"1":6},"b":{},"f":{"1":6},"fnMap":{"1":{"name":"constructor","line":29,"loc":{"start":{"line":26,"column":4},"end":{"line":32,"column":4}}}},"statementMap":{"1":{"start":{"line":31,"column":8},"end":{"line":31,"column":56}}},"branchMap":{}},"contracts/tokenbridge/test/TestERC20PermitDai.sol":{"l":{"18":1,"19":1,"37":3,"41":1,"52":3,"53":3,"68":0,"76":1,"77":1,"78":0,"79":0,"81":1,"82":1,"83":1,"84":1,"88":1,"89":1,"90":1,"104":1,"112":1,"113":1,"114":1,"115":1,"116":1,"117":1,"118":1,"122":3,"123":3,"126":3},"path":"/Users/shreyabhakta/Desktop/permit-contract/arbitrum/packages/arb-bridge-peripherals/contracts/tokenbridge/test/TestERC20PermitDai.sol","s":{"1":1,"2":3,"3":1,"4":3,"5":3,"6":0,"7":1,"8":1,"9":0,"10":0,"11":1,"12":1,"13":1,"14":1,"15":1,"16":1,"17":1,"18":1,"19":1,"20":1,"21":1,"22":1,"23":1,"24":1,"25":1,"26":3,"27":3},"b":{"1":[1,0],"2":[3,0],"3":[1,0],"4":[1,0],"5":[0,1],"6":[0,0],"7":[1,0],"8":[1,0],"9":[1,0],"10":[1,0]},"f":{"1":1,"2":3,"3":1,"4":3,"5":0,"6":1,"7":1,"8":1,"9":3},"fnMap":{"1":{"name":"auth","line":17,"loc":{"start":{"line":17,"column":4},"end":{"line":20,"column":4}}},"2":{"name":"add","line":36,"loc":{"start":{"line":36,"column":4},"end":{"line":38,"column":4}}},"3":{"name":"sub","line":40,"loc":{"start":{"line":40,"column":4},"end":{"line":42,"column":4}}},"4":{"name":"constructor","line":51,"loc":{"start":{"line":51,"column":4},"end":{"line":64,"column":4}}},"5":{"name":"transfer","line":67,"loc":{"start":{"line":67,"column":4},"end":{"line":69,"column":4}}},"6":{"name":"transferFrom","line":71,"loc":{"start":{"line":71,"column":4},"end":{"line":85,"column":4}}},"7":{"name":"mint","line":87,"loc":{"start":{"line":87,"column":4},"end":{"line":91,"column":4}}},"8":{"name":"permit","line":94,"loc":{"start":{"line":94,"column":4},"end":{"line":119,"column":4}}},"9":{"name":"getChainId","line":121,"loc":{"start":{"line":121,"column":4},"end":{"line":127,"column":4}}}},"statementMap":{"1":{"start":{"line":18,"column":8},"end":{"line":18,"column":60}},"2":{"start":{"line":37,"column":8},"end":{"line":37,"column":32}},"3":{"start":{"line":41,"column":8},"end":{"line":41,"column":32}},"4":{"start":{"line":52,"column":8},"end":{"line":52,"column":28}},"5":{"start":{"line":53,"column":8},"end":{"line":53,"column":1645}},"6":{"start":{"line":68,"column":8},"end":{"line":68,"column":49}},"7":{"start":{"line":76,"column":8},"end":{"line":76,"column":65}},"8":{"start":{"line":77,"column":8},"end":{"line":77,"column":2373}},"9":{"start":{"line":78,"column":12},"end":{"line":78,"column":83}},"10":{"start":{"line":79,"column":12},"end":{"line":79,"column":76}},"11":{"start":{"line":81,"column":8},"end":{"line":81,"column":48}},"12":{"start":{"line":82,"column":8},"end":{"line":82,"column":48}},"13":{"start":{"line":83,"column":8},"end":{"line":83,"column":36}},"14":{"start":{"line":84,"column":8},"end":{"line":84,"column":19}},"15":{"start":{"line":88,"column":8},"end":{"line":88,"column":48}},"16":{"start":{"line":89,"column":8},"end":{"line":89,"column":42}},"17":{"start":{"line":90,"column":8},"end":{"line":90,"column":43}},"18":{"start":{"line":104,"column":8},"end":{"line":104,"column":3249}},"19":{"start":{"line":112,"column":8},"end":{"line":112,"column":61}},"20":{"start":{"line":113,"column":8},"end":{"line":113,"column":74}},"21":{"start":{"line":114,"column":8},"end":{"line":114,"column":66}},"22":{"start":{"line":115,"column":8},"end":{"line":115,"column":62}},"23":{"start":{"line":116,"column":8},"end":{"line":116,"column":47}},"24":{"start":{"line":117,"column":8},"end":{"line":117,"column":39}},"25":{"start":{"line":118,"column":8},"end":{"line":118,"column":43}},"26":{"start":{"line":122,"column":8},"end":{"line":122,"column":23}},"27":{"start":{"line":126,"column":8},"end":{"line":126,"column":22}}},"branchMap":{"1":{"line":18,"type":"if","locations":[{"start":{"line":18,"column":8},"end":{"line":18,"column":8}},{"start":{"line":18,"column":8},"end":{"line":18,"column":8}}]},"2":{"line":37,"type":"if","locations":[{"start":{"line":37,"column":8},"end":{"line":37,"column":8}},{"start":{"line":37,"column":8},"end":{"line":37,"column":8}}]},"3":{"line":41,"type":"if","locations":[{"start":{"line":41,"column":8},"end":{"line":41,"column":8}},{"start":{"line":41,"column":8},"end":{"line":41,"column":8}}]},"4":{"line":76,"type":"if","locations":[{"start":{"line":76,"column":8},"end":{"line":76,"column":8}},{"start":{"line":76,"column":8},"end":{"line":76,"column":8}}]},"5":{"line":77,"type":"if","locations":[{"start":{"line":77,"column":8},"end":{"line":77,"column":8}},{"start":{"line":77,"column":8},"end":{"line":77,"column":8}}]},"6":{"line":78,"type":"if","locations":[{"start":{"line":78,"column":12},"end":{"line":78,"column":12}},{"start":{"line":78,"column":12},"end":{"line":78,"column":12}}]},"7":{"line":112,"type":"if","locations":[{"start":{"line":112,"column":8},"end":{"line":112,"column":8}},{"start":{"line":112,"column":8},"end":{"line":112,"column":8}}]},"8":{"line":113,"type":"if","locations":[{"start":{"line":113,"column":8},"end":{"line":113,"column":8}},{"start":{"line":113,"column":8},"end":{"line":113,"column":8}}]},"9":{"line":114,"type":"if","locations":[{"start":{"line":114,"column":8},"end":{"line":114,"column":8}},{"start":{"line":114,"column":8},"end":{"line":114,"column":8}}]},"10":{"line":115,"type":"if","locations":[{"start":{"line":115,"column":8},"end":{"line":115,"column":8}},{"start":{"line":115,"column":8},"end":{"line":115,"column":8}}]}}},"contracts/tokenbridge/test/TestERC20PermitNoVersion.sol":{"l":{"23":0,"24":0,"26":0,"41":0,"42":0,"45":0,"46":0,"48":0,"63":0,"83":0,"84":0,"87":0,"147":3,"152":3,"153":3,"154":3,"155":3,"156":3,"178":1,"179":1,"180":0,"182":1,"185":1,"188":1,"191":1,"192":1,"193":1,"194":1,"195":1,"197":1,"199":1,"208":2,"223":1,"224":1,"225":1,"227":1,"228":1,"233":1,"235":1,"238":1,"239":1,"247":1,"248":1,"250":1,"255":1,"256":1,"260":2,"261":2,"269":1,"270":1,"271":1,"279":2,"280":2,"284":1,"285":1,"288":1},"path":"/Users/shreyabhakta/Desktop/permit-contract/arbitrum/packages/arb-bridge-peripherals/contracts/tokenbridge/test/TestERC20PermitNoVersion.sol","s":{"1":0,"2":0,"3":0,"4":0,"5":0,"6":0,"7":0,"8":0,"9":0,"10":0,"11":0,"12":0,"13":3,"14":3,"15":3,"16":3,"17":3,"18":3,"19":1,"20":1,"21":0,"22":1,"23":1,"24":1,"25":1,"26":1,"27":1,"28":1,"29":1,"30":1,"31":1,"32":2,"33":1,"34":1,"35":1,"36":1,"37":1,"38":1,"39":1,"40":1,"41":1,"42":1,"43":1,"44":1,"45":1,"46":1,"47":2,"48":2,"49":1,"50":1,"51":1,"52":2,"53":2,"54":1,"55":1},"b":{"1":[0,0],"2":[0,0],"3":[0,0],"4":[0,0],"5":[3,0],"6":[0,1],"7":[1,0],"8":[1,0],"9":[1,0],"10":[1,0],"11":[1,0],"12":[1,0],"13":[2,0],"14":[1,0],"15":[2,0]},"f":{"1":0,"2":0,"3":0,"4":0,"5":3,"6":1,"7":2,"8":1,"9":1,"10":2,"11":1,"12":2,"13":1},"fnMap":{"1":{"name":"add","line":22,"loc":{"start":{"line":22,"column":4},"end":{"line":27,"column":4}}},"2":{"name":"mul","line":37,"loc":{"start":{"line":37,"column":4},"end":{"line":49,"column":4}}},"3":{"name":"div","line":62,"loc":{"start":{"line":62,"column":4},"end":{"line":64,"column":4}}},"4":{"name":"div","line":77,"loc":{"start":{"line":77,"column":4},"end":{"line":88,"column":4}}},"5":{"name":"constructor","line":142,"loc":{"start":{"line":142,"column":4},"end":{"line":157,"column":4}}},"6":{"name":"permit","line":169,"loc":{"start":{"line":169,"column":4},"end":{"line":200,"column":4}}},"7":{"name":"balanceOf","line":207,"loc":{"start":{"line":207,"column":4},"end":{"line":209,"column":4}}},"8":{"name":"transferFrom","line":218,"loc":{"start":{"line":218,"column":4},"end":{"line":240,"column":4}}},"9":{"name":"_transferTokens","line":242,"loc":{"start":{"line":242,"column":4},"end":{"line":257,"column":4}}},"10":{"name":"safe96","line":259,"loc":{"start":{"line":259,"column":4},"end":{"line":262,"column":4}}},"11":{"name":"add96","line":264,"loc":{"start":{"line":264,"column":4},"end":{"line":272,"column":4}}},"12":{"name":"sub96","line":274,"loc":{"start":{"line":274,"column":4},"end":{"line":281,"column":4}}},"13":{"name":"getChainId","line":283,"loc":{"start":{"line":283,"column":4},"end":{"line":289,"column":4}}}},"statementMap":{"1":{"start":{"line":23,"column":8},"end":{"line":23,"column":25}},"2":{"start":{"line":24,"column":8},"end":{"line":24,"column":53}},"3":{"start":{"line":26,"column":8},"end":{"line":26,"column":16}},"4":{"start":{"line":41,"column":8},"end":{"line":41,"column":1226}},"5":{"start":{"line":42,"column":12},"end":{"line":42,"column":20}},"6":{"start":{"line":45,"column":8},"end":{"line":45,"column":25}},"7":{"start":{"line":46,"column":8},"end":{"line":46,"column":63}},"8":{"start":{"line":48,"column":8},"end":{"line":48,"column":16}},"9":{"start":{"line":63,"column":8},"end":{"line":63,"column":54}},"10":{"start":{"line":83,"column":8},"end":{"line":83,"column":35}},"11":{"start":{"line":84,"column":8},"end":{"line":84,"column":25}},"12":{"start":{"line":87,"column":8},"end":{"line":87,"column":16}},"13":{"start":{"line":147,"column":8},"end":{"line":147,"column":4959}},"14":{"start":{"line":152,"column":8},"end":{"line":152,"column":46}},"15":{"start":{"line":153,"column":8},"end":{"line":153,"column":55}},"16":{"start":{"line":154,"column":8},"end":{"line":154,"column":23}},"17":{"start":{"line":155,"column":8},"end":{"line":155,"column":46}},"18":{"start":{"line":156,"column":8},"end":{"line":156,"column":49}},"19":{"start":{"line":178,"column":8},"end":{"line":178,"column":21}},"20":{"start":{"line":179,"column":8},"end":{"line":179,"column":6035}},"21":{"start":{"line":180,"column":12},"end":{"line":180,"column":30}},"22":{"start":{"line":182,"column":12},"end":{"line":182,"column":71}},"23":{"start":{"line":185,"column":8},"end":{"line":185,"column":6211}},"24":{"start":{"line":188,"column":8},"end":{"line":188,"column":6360}},"25":{"start":{"line":191,"column":8},"end":{"line":191,"column":93}},"26":{"start":{"line":192,"column":8},"end":{"line":192,"column":54}},"27":{"start":{"line":193,"column":8},"end":{"line":193,"column":68}},"28":{"start":{"line":194,"column":8},"end":{"line":194,"column":58}},"29":{"start":{"line":195,"column":8},"end":{"line":195,"column":60}},"30":{"start":{"line":197,"column":8},"end":{"line":197,"column":42}},"31":{"start":{"line":199,"column":8},"end":{"line":199,"column":45}},"32":{"start":{"line":208,"column":8},"end":{"line":208,"column":32}},"33":{"start":{"line":223,"column":8},"end":{"line":223,"column":36}},"34":{"start":{"line":224,"column":8},"end":{"line":224,"column":58}},"35":{"start":{"line":225,"column":8},"end":{"line":225,"column":76}},"36":{"start":{"line":227,"column":8},"end":{"line":227,"column":7855}},"37":{"start":{"line":228,"column":12},"end":{"line":228,"column":7928}},"38":{"start":{"line":233,"column":12},"end":{"line":233,"column":50}},"39":{"start":{"line":235,"column":12},"end":{"line":235,"column":53}},"40":{"start":{"line":238,"column":8},"end":{"line":238,"column":40}},"41":{"start":{"line":239,"column":8},"end":{"line":239,"column":19}},"42":{"start":{"line":247,"column":8},"end":{"line":247,"column":91}},"43":{"start":{"line":248,"column":8},"end":{"line":248,"column":89}},"44":{"start":{"line":250,"column":8},"end":{"line":250,"column":8601}},"45":{"start":{"line":255,"column":8},"end":{"line":255,"column":97}},"46":{"start":{"line":256,"column":8},"end":{"line":256,"column":39}},"47":{"start":{"line":260,"column":8},"end":{"line":260,"column":39}},"48":{"start":{"line":261,"column":8},"end":{"line":261,"column":24}},"49":{"start":{"line":269,"column":8},"end":{"line":269,"column":24}},"50":{"start":{"line":270,"column":8},"end":{"line":270,"column":36}},"51":{"start":{"line":271,"column":8},"end":{"line":271,"column":16}},"52":{"start":{"line":279,"column":8},"end":{"line":279,"column":36}},"53":{"start":{"line":280,"column":8},"end":{"line":280,"column":20}},"54":{"start":{"line":284,"column":8},"end":{"line":284,"column":23}},"55":{"start":{"line":288,"column":8},"end":{"line":288,"column":22}}},"branchMap":{"1":{"line":24,"type":"if","locations":[{"start":{"line":24,"column":8},"end":{"line":24,"column":8}},{"start":{"line":24,"column":8},"end":{"line":24,"column":8}}]},"2":{"line":41,"type":"if","locations":[{"start":{"line":41,"column":8},"end":{"line":41,"column":8}},{"start":{"line":41,"column":8},"end":{"line":41,"column":8}}]},"3":{"line":46,"type":"if","locations":[{"start":{"line":46,"column":8},"end":{"line":46,"column":8}},{"start":{"line":46,"column":8},"end":{"line":46,"column":8}}]},"4":{"line":83,"type":"if","locations":[{"start":{"line":83,"column":8},"end":{"line":83,"column":8}},{"start":{"line":83,"column":8},"end":{"line":83,"column":8}}]},"5":{"line":147,"type":"if","locations":[{"start":{"line":147,"column":8},"end":{"line":147,"column":8}},{"start":{"line":147,"column":8},"end":{"line":147,"column":8}}]},"6":{"line":179,"type":"if","locations":[{"start":{"line":179,"column":8},"end":{"line":179,"column":8}},{"start":{"line":179,"column":8},"end":{"line":179,"column":8}}]},"7":{"line":193,"type":"if","locations":[{"start":{"line":193,"column":8},"end":{"line":193,"column":8}},{"start":{"line":193,"column":8},"end":{"line":193,"column":8}}]},"8":{"line":194,"type":"if","locations":[{"start":{"line":194,"column":8},"end":{"line":194,"column":8}},{"start":{"line":194,"column":8},"end":{"line":194,"column":8}}]},"9":{"line":195,"type":"if","locations":[{"start":{"line":195,"column":8},"end":{"line":195,"column":8}},{"start":{"line":195,"column":8},"end":{"line":195,"column":8}}]},"10":{"line":227,"type":"if","locations":[{"start":{"line":227,"column":8},"end":{"line":227,"column":8}},{"start":{"line":227,"column":8},"end":{"line":227,"column":8}}]},"11":{"line":247,"type":"if","locations":[{"start":{"line":247,"column":8},"end":{"line":247,"column":8}},{"start":{"line":247,"column":8},"end":{"line":247,"column":8}}]},"12":{"line":248,"type":"if","locations":[{"start":{"line":248,"column":8},"end":{"line":248,"column":8}},{"start":{"line":248,"column":8},"end":{"line":248,"column":8}}]},"13":{"line":260,"type":"if","locations":[{"start":{"line":260,"column":8},"end":{"line":260,"column":8}},{"start":{"line":260,"column":8},"end":{"line":260,"column":8}}]},"14":{"line":270,"type":"if","locations":[{"start":{"line":270,"column":8},"end":{"line":270,"column":8}},{"start":{"line":270,"column":8},"end":{"line":270,"column":8}}]},"15":{"line":279,"type":"if","locations":[{"start":{"line":279,"column":8},"end":{"line":279,"column":8}},{"start":{"line":279,"column":8},"end":{"line":279,"column":8}}]}}},"contracts/tokenbridge/test/TestPostDepositCall.sol":{"l":{"30":0,"38":0,"40":0,"41":0,"43":0,"46":0,"48":0},"path":"/Users/shreyabhakta/Desktop/permit-contract/arbitrum/packages/arb-bridge-peripherals/contracts/tokenbridge/test/TestPostDepositCall.sol","s":{"1":0,"2":0,"3":0,"4":0,"5":0,"6":0,"7":0,"8":0,"9":0},"b":{"1":[0,0],"2":[0,0],"3":[0,0]},"f":{"1":0,"2":0,"3":0},"fnMap":{"1":{"name":"constructor","line":26,"loc":{"start":{"line":26,"column":4},"end":{"line":26,"column":26}}},"2":{"name":"postDepositHook","line":29,"loc":{"start":{"line":29,"column":4},"end":{"line":31,"column":4}}},"3":{"name":"onTokenTransfer","line":33,"loc":{"start":{"line":33,"column":4},"end":{"line":50,"column":4}}}},"statementMap":{"1":{"start":{"line":30,"column":8},"end":{"line":30,"column":24}},"2":{"start":{"line":38,"column":8},"end":{"line":38,"column":49}},"3":{"start":{"line":40,"column":8},"end":{"line":40,"column":1158}},"4":{"start":{"line":41,"column":12},"end":{"line":41,"column":31}},"5":{"start":{"line":42,"column":15},"end":{"line":42,"column":1223}},"6":{"start":{"line":43,"column":12},"end":{"line":43,"column":42}},"7":{"start":{"line":44,"column":15},"end":{"line":44,"column":1299}},"8":{"start":{"line":46,"column":12},"end":{"line":46,"column":35}},"9":{"start":{"line":48,"column":12},"end":{"line":48,"column":32}}},"branchMap":{"1":{"line":40,"type":"if","locations":[{"start":{"line":40,"column":8},"end":{"line":40,"column":8}},{"start":{"line":40,"column":8},"end":{"line":40,"column":8}}]},"2":{"line":42,"type":"if","locations":[{"start":{"line":42,"column":15},"end":{"line":42,"column":15}},{"start":{"line":42,"column":15},"end":{"line":42,"column":15}}]},"3":{"line":44,"type":"if","locations":[{"start":{"line":44,"column":15},"end":{"line":44,"column":15}},{"start":{"line":44,"column":15},"end":{"line":44,"column":15}}]}}},"contracts/tokenbridge/test/TestWETH9.sol":{"l":{"13":0,"17":0,"18":0},"path":"/Users/shreyabhakta/Desktop/permit-contract/arbitrum/packages/arb-bridge-peripherals/contracts/tokenbridge/test/TestWETH9.sol","s":{"1":0,"2":0,"3":0},"b":{},"f":{"1":0,"2":0,"3":0},"fnMap":{"1":{"name":"constructor","line":10,"loc":{"start":{"line":10,"column":4},"end":{"line":10,"column":90}}},"2":{"name":"deposit","line":12,"loc":{"start":{"line":12,"column":4},"end":{"line":14,"column":4}}},"3":{"name":"withdraw","line":16,"loc":{"start":{"line":16,"column":4},"end":{"line":19,"column":4}}}},"statementMap":{"1":{"start":{"line":13,"column":8},"end":{"line":13,"column":35}},"2":{"start":{"line":17,"column":8},"end":{"line":17,"column":33}},"3":{"start":{"line":18,"column":8},"end":{"line":18,"column":53}}},"branchMap":{}}}