<testsuite name="Mocha Tests" tests="40" failures="0" errors="0" skipped="0" timestamp="Thu, 25 Jun 2020 17:01:52 GMT" time="0.286">
<testcase classname="ArbConversion" name="uses expected default values with no constructor args" time="0.001"/>
<testcase classname="ArbConversion" name="uses passed in args to execute conversion" time="0"/>
<testcase classname="ArbConversion" name="converts correctly" time="0.002"/>
<testcase classname="calculateTransactionHash tests" name="works with precalculated hash" time="0.003"/>
<testcase classname="calculateTransactionHash tests" name="throws with non-hex string data" time="0.002"/>
<testcase classname="calculateTransactionHash tests" name="random inputs output 32 bytes of data" time="0.001"/>
<testcase classname="calculateBatchTransactionHash tests" name="works with precalucated hash" time="0.005"/>
<testcase classname="calculateBatchTransactionHash tests" name="throws with non-hex string data" time="0.001"/>
<testcase classname="calculateBatchTransactionHash tests" name="random inputs output 32 bytes of data" time="0.001"/>
<testcase classname="Constructors" name="BasicOp" time="0"/>
<testcase classname="Constructors" name="ImmOp" time="0.001"/>
<testcase classname="Constructors" name="IntValue" time="0"/>
<testcase classname="Constructors" name="CodePointValue" time="0.001"/>
<testcase classname="TupleValue" name="Empty" time="0.002"/>
<testcase classname="TupleValue" name="Two Tuple" time="0.001"/>
<testcase classname="TupleValue" name="Largest Tuple" time="0.001"/>
<testcase classname="TupleValue" name="Greater than MAX_TUPLE_SIZE" time="0"/>
<testcase classname="TupleValue" name="get and set" time="0.01"/>
<testcase classname="BigTuple" name="getBigTuple and setBigTuple" time="0.213"/>
<testcase classname="Marshaling" name="marshal and unmarshal IntValue" time="0.002"/>
<testcase classname="Marshaling" name="marshal and unmarshal CodePointValue" time="0.002"/>
<testcase classname="Marshaling" name="marshal and unmarshal TupleValue" time="0.004"/>
<testcase classname="Marshaling" name="illegal inputs" time="0.001"/>
<testcase classname="Integration" name="sizedByteRangeToBytes and hexToSizedByteRange" time="0.012"/>
<testcase classname="Integration" name="hexToBytestack and bytestackToBytes" time="0.001"/>
<testcase classname="test_cases.json" name="int" time="0"/>
<testcase classname="test_cases.json" name="simple codepoint" time="0"/>
<testcase classname="test_cases.json" name="immediate codepoint" time="0"/>
<testcase classname="test_cases.json" name="tup0" time="0"/>
<testcase classname="test_cases.json" name="tup1" time="0"/>
<testcase classname="test_cases.json" name="tup2" time="0"/>
<testcase classname="test_cases.json" name="tup3" time="0.001"/>
<testcase classname="test_cases.json" name="tup4" time="0"/>
<testcase classname="test_cases.json" name="tup5" time="0.002"/>
<testcase classname="test_cases.json" name="tup6" time="0"/>
<testcase classname="test_cases.json" name="tup7" time="0.001"/>
<testcase classname="test_cases.json" name="tup8" time="0"/>
<testcase classname="test_cases.json" name="simple_tup" time="0"/>
<testcase classname="test_cases.json" name="nested_tup" time="0.001"/>
<testcase classname="test_cases.json" name="double_nested_tup" time="0.004"/>
</testsuite>
